The system is: Linux - 5.15.69-gentoo-x86_64 - x86_64
Compiling the C compiler identification source file "CMakeCCompilerId.c" succeeded.
Compiler: /usr/bin/cc 
Build flags: 
Id flags:  

The output was:
0


Compilation of the C compiler identification source "CMakeCCompilerId.c" produced "a.out"

The C compiler identification is GNU, found in "/home/rob/Programming/c/CPlusPlus/cmake-build-debug/CMakeFiles/3.23.2/CompilerIdC/a.out"

Compiling the CXX compiler identification source file "CMakeCXXCompilerId.cpp" succeeded.
Compiler: /usr/bin/c++ 
Build flags: 
Id flags:  

The output was:
0


Compilation of the CXX compiler identification source "CMakeCXXCompilerId.cpp" produced "a.out"

The CXX compiler identification is GNU, found in "/home/rob/Programming/c/CPlusPlus/cmake-build-debug/CMakeFiles/3.23.2/CompilerIdCXX/a.out"

Detecting C compiler ABI info compiled with the following output:
Change Dir: /home/rob/Programming/c/CPlusPlus/cmake-build-debug/CMakeFiles/CMakeTmp

Run Build Command(s):/usr/bin/gmake -f Makefile cmTC_6da2b/fast && /usr/bin/gmake  -f CMakeFiles/cmTC_6da2b.dir/build.make CMakeFiles/cmTC_6da2b.dir/build
gmake[1]: Entering directory '/home/rob/Programming/c/CPlusPlus/cmake-build-debug/CMakeFiles/CMakeTmp'
Building C object CMakeFiles/cmTC_6da2b.dir/CMakeCCompilerABI.c.o
/usr/bin/cc   -v -o CMakeFiles/cmTC_6da2b.dir/CMakeCCompilerABI.c.o -c /home/rob/.local/share/JetBrains/Toolbox/apps/CLion/ch-0/222.4167.35/bin/cmake/linux/share/cmake-3.23/Modules/CMakeCCompilerABI.c
Using built-in specs.
COLLECT_GCC=/usr/bin/cc
Target: x86_64-pc-linux-gnu
Configured with: /var/tmp/portage/sys-devel/gcc-11.3.0/work/gcc-11.3.0/configure --host=x86_64-pc-linux-gnu --build=x86_64-pc-linux-gnu --prefix=/usr --bindir=/usr/x86_64-pc-linux-gnu/gcc-bin/11.3.0 --includedir=/usr/lib/gcc/x86_64-pc-linux-gnu/11.3.0/include --datadir=/usr/share/gcc-data/x86_64-pc-linux-gnu/11.3.0 --mandir=/usr/share/gcc-data/x86_64-pc-linux-gnu/11.3.0/man --infodir=/usr/share/gcc-data/x86_64-pc-linux-gnu/11.3.0/info --with-gxx-include-dir=/usr/lib/gcc/x86_64-pc-linux-gnu/11.3.0/include/g++-v11 --with-python-dir=/share/gcc-data/x86_64-pc-linux-gnu/11.3.0/python --enable-languages=c,c++,fortran --enable-obsolete --enable-secureplt --disable-werror --with-system-zlib --enable-nls --without-included-gettext --disable-libunwind-exceptions --enable-checking=release --with-bugurl=https://bugs.gentoo.org/ --with-pkgversion='Gentoo Hardened 11.3.0 p7' --enable-esp --enable-libstdcxx-time --disable-libstdcxx-pch --enable-shared --enable-threads=posix --enable-__cxa_atexit --enable-clocale=gnu --enable-multilib --with-multilib-list=m32,m64 --disable-fixed-point --enable-targets=all --enable-libgomp --disable-libssp --disable-libada --disable-cet --disable-systemtap --disable-valgrind-annotations --disable-vtable-verify --disable-libvtv --without-zstd --enable-lto --without-isl --enable-default-pie --enable-default-ssp --with-build-config=bootstrap-lto
Thread model: posix
Supported LTO compression algorithms: zlib
gcc version 11.3.0 (Gentoo Hardened 11.3.0 p7) 
COLLECT_GCC_OPTIONS='-v' '-o' 'CMakeFiles/cmTC_6da2b.dir/CMakeCCompilerABI.c.o' '-c' '-mtune=generic' '-march=x86-64' '-dumpdir' 'CMakeFiles/cmTC_6da2b.dir/'
 /usr/libexec/gcc/x86_64-pc-linux-gnu/11.3.0/cc1 -quiet -v /home/rob/.local/share/JetBrains/Toolbox/apps/CLion/ch-0/222.4167.35/bin/cmake/linux/share/cmake-3.23/Modules/CMakeCCompilerABI.c -quiet -dumpdir CMakeFiles/cmTC_6da2b.dir/ -dumpbase CMakeCCompilerABI.c.c -dumpbase-ext .c -mtune=generic -march=x86-64 -version -o /tmp/cc8yDhwC.s
GNU C17 (Gentoo Hardened 11.3.0 p7) version 11.3.0 (x86_64-pc-linux-gnu)
	compiled by GNU C version 11.3.0, GMP version 6.2.1, MPFR version 4.1.0-p13, MPC version 1.2.1, isl version none
GGC heuristics: --param ggc-min-expand=100 --param ggc-min-heapsize=131072
ignoring nonexistent directory "/usr/local/include"
ignoring nonexistent directory "/usr/lib/gcc/x86_64-pc-linux-gnu/11.3.0/../../../../x86_64-pc-linux-gnu/include"
#include "..." search starts here:
#include <...> search starts here:
 /usr/lib/gcc/x86_64-pc-linux-gnu/11.3.0/include
 /usr/lib/gcc/x86_64-pc-linux-gnu/11.3.0/include-fixed
 /usr/include
End of search list.
GNU C17 (Gentoo Hardened 11.3.0 p7) version 11.3.0 (x86_64-pc-linux-gnu)
	compiled by GNU C version 11.3.0, GMP version 6.2.1, MPFR version 4.1.0-p13, MPC version 1.2.1, isl version none
GGC heuristics: --param ggc-min-expand=100 --param ggc-min-heapsize=131072
Compiler executable checksum: 7110dc9dbb232ab76db9ef4cf79c3ae2
COLLECT_GCC_OPTIONS='-v' '-o' 'CMakeFiles/cmTC_6da2b.dir/CMakeCCompilerABI.c.o' '-c' '-mtune=generic' '-march=x86-64' '-dumpdir' 'CMakeFiles/cmTC_6da2b.dir/'
 /usr/lib/gcc/x86_64-pc-linux-gnu/11.3.0/../../../../x86_64-pc-linux-gnu/bin/as -v --64 -o CMakeFiles/cmTC_6da2b.dir/CMakeCCompilerABI.c.o /tmp/cc8yDhwC.s
GNU assembler version 2.38 (x86_64-pc-linux-gnu) using BFD version (Gentoo 2.38 p4) 2.38
COMPILER_PATH=/usr/libexec/gcc/x86_64-pc-linux-gnu/11.3.0/:/usr/libexec/gcc/x86_64-pc-linux-gnu/11.3.0/:/usr/libexec/gcc/x86_64-pc-linux-gnu/:/usr/lib/gcc/x86_64-pc-linux-gnu/11.3.0/:/usr/lib/gcc/x86_64-pc-linux-gnu/:/usr/lib/gcc/x86_64-pc-linux-gnu/11.3.0/../../../../x86_64-pc-linux-gnu/bin/
LIBRARY_PATH=/usr/lib/gcc/x86_64-pc-linux-gnu/11.3.0/:/usr/lib/gcc/x86_64-pc-linux-gnu/11.3.0/../../../../lib64/:/lib/../lib64/:/usr/lib/../lib64/:/usr/lib/gcc/x86_64-pc-linux-gnu/11.3.0/../../../../x86_64-pc-linux-gnu/lib/:/usr/lib/gcc/x86_64-pc-linux-gnu/11.3.0/../../../:/lib/:/usr/lib/
COLLECT_GCC_OPTIONS='-v' '-o' 'CMakeFiles/cmTC_6da2b.dir/CMakeCCompilerABI.c.o' '-c' '-mtune=generic' '-march=x86-64' '-dumpdir' 'CMakeFiles/cmTC_6da2b.dir/CMakeCCompilerABI.c.'
Linking C executable cmTC_6da2b
/home/rob/.local/share/JetBrains/Toolbox/apps/CLion/ch-0/222.4167.35/bin/cmake/linux/bin/cmake -E cmake_link_script CMakeFiles/cmTC_6da2b.dir/link.txt --verbose=1
/usr/bin/cc  -v CMakeFiles/cmTC_6da2b.dir/CMakeCCompilerABI.c.o -o cmTC_6da2b 
Using built-in specs.
COLLECT_GCC=/usr/bin/cc
COLLECT_LTO_WRAPPER=/usr/libexec/gcc/x86_64-pc-linux-gnu/11.3.0/lto-wrapper
Target: x86_64-pc-linux-gnu
Configured with: /var/tmp/portage/sys-devel/gcc-11.3.0/work/gcc-11.3.0/configure --host=x86_64-pc-linux-gnu --build=x86_64-pc-linux-gnu --prefix=/usr --bindir=/usr/x86_64-pc-linux-gnu/gcc-bin/11.3.0 --includedir=/usr/lib/gcc/x86_64-pc-linux-gnu/11.3.0/include --datadir=/usr/share/gcc-data/x86_64-pc-linux-gnu/11.3.0 --mandir=/usr/share/gcc-data/x86_64-pc-linux-gnu/11.3.0/man --infodir=/usr/share/gcc-data/x86_64-pc-linux-gnu/11.3.0/info --with-gxx-include-dir=/usr/lib/gcc/x86_64-pc-linux-gnu/11.3.0/include/g++-v11 --with-python-dir=/share/gcc-data/x86_64-pc-linux-gnu/11.3.0/python --enable-languages=c,c++,fortran --enable-obsolete --enable-secureplt --disable-werror --with-system-zlib --enable-nls --without-included-gettext --disable-libunwind-exceptions --enable-checking=release --with-bugurl=https://bugs.gentoo.org/ --with-pkgversion='Gentoo Hardened 11.3.0 p7' --enable-esp --enable-libstdcxx-time --disable-libstdcxx-pch --enable-shared --enable-threads=posix --enable-__cxa_atexit --enable-clocale=gnu --enable-multilib --with-multilib-list=m32,m64 --disable-fixed-point --enable-targets=all --enable-libgomp --disable-libssp --disable-libada --disable-cet --disable-systemtap --disable-valgrind-annotations --disable-vtable-verify --disable-libvtv --without-zstd --enable-lto --without-isl --enable-default-pie --enable-default-ssp --with-build-config=bootstrap-lto
Thread model: posix
Supported LTO compression algorithms: zlib
gcc version 11.3.0 (Gentoo Hardened 11.3.0 p7) 
COMPILER_PATH=/usr/libexec/gcc/x86_64-pc-linux-gnu/11.3.0/:/usr/libexec/gcc/x86_64-pc-linux-gnu/11.3.0/:/usr/libexec/gcc/x86_64-pc-linux-gnu/:/usr/lib/gcc/x86_64-pc-linux-gnu/11.3.0/:/usr/lib/gcc/x86_64-pc-linux-gnu/:/usr/lib/gcc/x86_64-pc-linux-gnu/11.3.0/../../../../x86_64-pc-linux-gnu/bin/
LIBRARY_PATH=/usr/lib/gcc/x86_64-pc-linux-gnu/11.3.0/:/usr/lib/gcc/x86_64-pc-linux-gnu/11.3.0/../../../../lib64/:/lib/../lib64/:/usr/lib/../lib64/:/usr/lib/gcc/x86_64-pc-linux-gnu/11.3.0/../../../../x86_64-pc-linux-gnu/lib/:/usr/lib/gcc/x86_64-pc-linux-gnu/11.3.0/../../../:/lib/:/usr/lib/
COLLECT_GCC_OPTIONS='-v' '-o' 'cmTC_6da2b' '-mtune=generic' '-march=x86-64' '-dumpdir' 'cmTC_6da2b.'
 /usr/libexec/gcc/x86_64-pc-linux-gnu/11.3.0/collect2 -plugin /usr/libexec/gcc/x86_64-pc-linux-gnu/11.3.0/liblto_plugin.so -plugin-opt=/usr/libexec/gcc/x86_64-pc-linux-gnu/11.3.0/lto-wrapper -plugin-opt=-fresolution=/tmp/ccS2OP5S.res -plugin-opt=-pass-through=-lgcc -plugin-opt=-pass-through=-lgcc_s -plugin-opt=-pass-through=-lc -plugin-opt=-pass-through=-lgcc -plugin-opt=-pass-through=-lgcc_s --eh-frame-hdr -m elf_x86_64 -dynamic-linker /lib64/ld-linux-x86-64.so.2 -pie -z now -o cmTC_6da2b /usr/lib/gcc/x86_64-pc-linux-gnu/11.3.0/../../../../lib64/Scrt1.o /usr/lib/gcc/x86_64-pc-linux-gnu/11.3.0/../../../../lib64/crti.o /usr/lib/gcc/x86_64-pc-linux-gnu/11.3.0/crtbeginS.o -L/usr/lib/gcc/x86_64-pc-linux-gnu/11.3.0 -L/usr/lib/gcc/x86_64-pc-linux-gnu/11.3.0/../../../../lib64 -L/lib/../lib64 -L/usr/lib/../lib64 -L/usr/lib/gcc/x86_64-pc-linux-gnu/11.3.0/../../../../x86_64-pc-linux-gnu/lib -L/usr/lib/gcc/x86_64-pc-linux-gnu/11.3.0/../../.. CMakeFiles/cmTC_6da2b.dir/CMakeCCompilerABI.c.o -lgcc --push-state --as-needed -lgcc_s --pop-state -lc -lgcc --push-state --as-needed -lgcc_s --pop-state /usr/lib/gcc/x86_64-pc-linux-gnu/11.3.0/crtendS.o /usr/lib/gcc/x86_64-pc-linux-gnu/11.3.0/../../../../lib64/crtn.o
COLLECT_GCC_OPTIONS='-v' '-o' 'cmTC_6da2b' '-mtune=generic' '-march=x86-64' '-dumpdir' 'cmTC_6da2b.'
gmake[1]: Leaving directory '/home/rob/Programming/c/CPlusPlus/cmake-build-debug/CMakeFiles/CMakeTmp'



Parsed C implicit include dir info from above output: rv=done
  found start of include info
  found start of implicit include info
    add: [/usr/lib/gcc/x86_64-pc-linux-gnu/11.3.0/include]
    add: [/usr/lib/gcc/x86_64-pc-linux-gnu/11.3.0/include-fixed]
    add: [/usr/include]
  end of search list found
  collapse include dir [/usr/lib/gcc/x86_64-pc-linux-gnu/11.3.0/include] ==> [/usr/lib/gcc/x86_64-pc-linux-gnu/11.3.0/include]
  collapse include dir [/usr/lib/gcc/x86_64-pc-linux-gnu/11.3.0/include-fixed] ==> [/usr/lib/gcc/x86_64-pc-linux-gnu/11.3.0/include-fixed]
  collapse include dir [/usr/include] ==> [/usr/include]
  implicit include dirs: [/usr/lib/gcc/x86_64-pc-linux-gnu/11.3.0/include;/usr/lib/gcc/x86_64-pc-linux-gnu/11.3.0/include-fixed;/usr/include]


Parsed C implicit link information from above output:
  link line regex: [^( *|.*[/\])(ld|CMAKE_LINK_STARTFILE-NOTFOUND|([^/\]+-)?ld|collect2)[^/\]*( |$)]
  ignore line: [Change Dir: /home/rob/Programming/c/CPlusPlus/cmake-build-debug/CMakeFiles/CMakeTmp]
  ignore line: []
  ignore line: [Run Build Command(s):/usr/bin/gmake -f Makefile cmTC_6da2b/fast && /usr/bin/gmake  -f CMakeFiles/cmTC_6da2b.dir/build.make CMakeFiles/cmTC_6da2b.dir/build]
  ignore line: [gmake[1]: Entering directory '/home/rob/Programming/c/CPlusPlus/cmake-build-debug/CMakeFiles/CMakeTmp']
  ignore line: [Building C object CMakeFiles/cmTC_6da2b.dir/CMakeCCompilerABI.c.o]
  ignore line: [/usr/bin/cc   -v -o CMakeFiles/cmTC_6da2b.dir/CMakeCCompilerABI.c.o -c /home/rob/.local/share/JetBrains/Toolbox/apps/CLion/ch-0/222.4167.35/bin/cmake/linux/share/cmake-3.23/Modules/CMakeCCompilerABI.c]
  ignore line: [Using built-in specs.]
  ignore line: [COLLECT_GCC=/usr/bin/cc]
  ignore line: [Target: x86_64-pc-linux-gnu]
  ignore line: [Configured with: /var/tmp/portage/sys-devel/gcc-11.3.0/work/gcc-11.3.0/configure --host=x86_64-pc-linux-gnu --build=x86_64-pc-linux-gnu --prefix=/usr --bindir=/usr/x86_64-pc-linux-gnu/gcc-bin/11.3.0 --includedir=/usr/lib/gcc/x86_64-pc-linux-gnu/11.3.0/include --datadir=/usr/share/gcc-data/x86_64-pc-linux-gnu/11.3.0 --mandir=/usr/share/gcc-data/x86_64-pc-linux-gnu/11.3.0/man --infodir=/usr/share/gcc-data/x86_64-pc-linux-gnu/11.3.0/info --with-gxx-include-dir=/usr/lib/gcc/x86_64-pc-linux-gnu/11.3.0/include/g++-v11 --with-python-dir=/share/gcc-data/x86_64-pc-linux-gnu/11.3.0/python --enable-languages=c c++ fortran --enable-obsolete --enable-secureplt --disable-werror --with-system-zlib --enable-nls --without-included-gettext --disable-libunwind-exceptions --enable-checking=release --with-bugurl=https://bugs.gentoo.org/ --with-pkgversion='Gentoo Hardened 11.3.0 p7' --enable-esp --enable-libstdcxx-time --disable-libstdcxx-pch --enable-shared --enable-threads=posix --enable-__cxa_atexit --enable-clocale=gnu --enable-multilib --with-multilib-list=m32 m64 --disable-fixed-point --enable-targets=all --enable-libgomp --disable-libssp --disable-libada --disable-cet --disable-systemtap --disable-valgrind-annotations --disable-vtable-verify --disable-libvtv --without-zstd --enable-lto --without-isl --enable-default-pie --enable-default-ssp --with-build-config=bootstrap-lto]
  ignore line: [Thread model: posix]
  ignore line: [Supported LTO compression algorithms: zlib]
  ignore line: [gcc version 11.3.0 (Gentoo Hardened 11.3.0 p7) ]
  ignore line: [COLLECT_GCC_OPTIONS='-v' '-o' 'CMakeFiles/cmTC_6da2b.dir/CMakeCCompilerABI.c.o' '-c' '-mtune=generic' '-march=x86-64' '-dumpdir' 'CMakeFiles/cmTC_6da2b.dir/']
  ignore line: [ /usr/libexec/gcc/x86_64-pc-linux-gnu/11.3.0/cc1 -quiet -v /home/rob/.local/share/JetBrains/Toolbox/apps/CLion/ch-0/222.4167.35/bin/cmake/linux/share/cmake-3.23/Modules/CMakeCCompilerABI.c -quiet -dumpdir CMakeFiles/cmTC_6da2b.dir/ -dumpbase CMakeCCompilerABI.c.c -dumpbase-ext .c -mtune=generic -march=x86-64 -version -o /tmp/cc8yDhwC.s]
  ignore line: [GNU C17 (Gentoo Hardened 11.3.0 p7) version 11.3.0 (x86_64-pc-linux-gnu)]
  ignore line: [	compiled by GNU C version 11.3.0  GMP version 6.2.1  MPFR version 4.1.0-p13  MPC version 1.2.1  isl version none]
  ignore line: [GGC heuristics: --param ggc-min-expand=100 --param ggc-min-heapsize=131072]
  ignore line: [ignoring nonexistent directory "/usr/local/include"]
  ignore line: [ignoring nonexistent directory "/usr/lib/gcc/x86_64-pc-linux-gnu/11.3.0/../../../../x86_64-pc-linux-gnu/include"]
  ignore line: [#include "..." search starts here:]
  ignore line: [#include <...> search starts here:]
  ignore line: [ /usr/lib/gcc/x86_64-pc-linux-gnu/11.3.0/include]
  ignore line: [ /usr/lib/gcc/x86_64-pc-linux-gnu/11.3.0/include-fixed]
  ignore line: [ /usr/include]
  ignore line: [End of search list.]
  ignore line: [GNU C17 (Gentoo Hardened 11.3.0 p7) version 11.3.0 (x86_64-pc-linux-gnu)]
  ignore line: [	compiled by GNU C version 11.3.0  GMP version 6.2.1  MPFR version 4.1.0-p13  MPC version 1.2.1  isl version none]
  ignore line: [GGC heuristics: --param ggc-min-expand=100 --param ggc-min-heapsize=131072]
  ignore line: [Compiler executable checksum: 7110dc9dbb232ab76db9ef4cf79c3ae2]
  ignore line: [COLLECT_GCC_OPTIONS='-v' '-o' 'CMakeFiles/cmTC_6da2b.dir/CMakeCCompilerABI.c.o' '-c' '-mtune=generic' '-march=x86-64' '-dumpdir' 'CMakeFiles/cmTC_6da2b.dir/']
  ignore line: [ /usr/lib/gcc/x86_64-pc-linux-gnu/11.3.0/../../../../x86_64-pc-linux-gnu/bin/as -v --64 -o CMakeFiles/cmTC_6da2b.dir/CMakeCCompilerABI.c.o /tmp/cc8yDhwC.s]
  ignore line: [GNU assembler version 2.38 (x86_64-pc-linux-gnu) using BFD version (Gentoo 2.38 p4) 2.38]
  ignore line: [COMPILER_PATH=/usr/libexec/gcc/x86_64-pc-linux-gnu/11.3.0/:/usr/libexec/gcc/x86_64-pc-linux-gnu/11.3.0/:/usr/libexec/gcc/x86_64-pc-linux-gnu/:/usr/lib/gcc/x86_64-pc-linux-gnu/11.3.0/:/usr/lib/gcc/x86_64-pc-linux-gnu/:/usr/lib/gcc/x86_64-pc-linux-gnu/11.3.0/../../../../x86_64-pc-linux-gnu/bin/]
  ignore line: [LIBRARY_PATH=/usr/lib/gcc/x86_64-pc-linux-gnu/11.3.0/:/usr/lib/gcc/x86_64-pc-linux-gnu/11.3.0/../../../../lib64/:/lib/../lib64/:/usr/lib/../lib64/:/usr/lib/gcc/x86_64-pc-linux-gnu/11.3.0/../../../../x86_64-pc-linux-gnu/lib/:/usr/lib/gcc/x86_64-pc-linux-gnu/11.3.0/../../../:/lib/:/usr/lib/]
  ignore line: [COLLECT_GCC_OPTIONS='-v' '-o' 'CMakeFiles/cmTC_6da2b.dir/CMakeCCompilerABI.c.o' '-c' '-mtune=generic' '-march=x86-64' '-dumpdir' 'CMakeFiles/cmTC_6da2b.dir/CMakeCCompilerABI.c.']
  ignore line: [Linking C executable cmTC_6da2b]
  ignore line: [/home/rob/.local/share/JetBrains/Toolbox/apps/CLion/ch-0/222.4167.35/bin/cmake/linux/bin/cmake -E cmake_link_script CMakeFiles/cmTC_6da2b.dir/link.txt --verbose=1]
  ignore line: [/usr/bin/cc  -v CMakeFiles/cmTC_6da2b.dir/CMakeCCompilerABI.c.o -o cmTC_6da2b ]
  ignore line: [Using built-in specs.]
  ignore line: [COLLECT_GCC=/usr/bin/cc]
  ignore line: [COLLECT_LTO_WRAPPER=/usr/libexec/gcc/x86_64-pc-linux-gnu/11.3.0/lto-wrapper]
  ignore line: [Target: x86_64-pc-linux-gnu]
  ignore line: [Configured with: /var/tmp/portage/sys-devel/gcc-11.3.0/work/gcc-11.3.0/configure --host=x86_64-pc-linux-gnu --build=x86_64-pc-linux-gnu --prefix=/usr --bindir=/usr/x86_64-pc-linux-gnu/gcc-bin/11.3.0 --includedir=/usr/lib/gcc/x86_64-pc-linux-gnu/11.3.0/include --datadir=/usr/share/gcc-data/x86_64-pc-linux-gnu/11.3.0 --mandir=/usr/share/gcc-data/x86_64-pc-linux-gnu/11.3.0/man --infodir=/usr/share/gcc-data/x86_64-pc-linux-gnu/11.3.0/info --with-gxx-include-dir=/usr/lib/gcc/x86_64-pc-linux-gnu/11.3.0/include/g++-v11 --with-python-dir=/share/gcc-data/x86_64-pc-linux-gnu/11.3.0/python --enable-languages=c c++ fortran --enable-obsolete --enable-secureplt --disable-werror --with-system-zlib --enable-nls --without-included-gettext --disable-libunwind-exceptions --enable-checking=release --with-bugurl=https://bugs.gentoo.org/ --with-pkgversion='Gentoo Hardened 11.3.0 p7' --enable-esp --enable-libstdcxx-time --disable-libstdcxx-pch --enable-shared --enable-threads=posix --enable-__cxa_atexit --enable-clocale=gnu --enable-multilib --with-multilib-list=m32 m64 --disable-fixed-point --enable-targets=all --enable-libgomp --disable-libssp --disable-libada --disable-cet --disable-systemtap --disable-valgrind-annotations --disable-vtable-verify --disable-libvtv --without-zstd --enable-lto --without-isl --enable-default-pie --enable-default-ssp --with-build-config=bootstrap-lto]
  ignore line: [Thread model: posix]
  ignore line: [Supported LTO compression algorithms: zlib]
  ignore line: [gcc version 11.3.0 (Gentoo Hardened 11.3.0 p7) ]
  ignore line: [COMPILER_PATH=/usr/libexec/gcc/x86_64-pc-linux-gnu/11.3.0/:/usr/libexec/gcc/x86_64-pc-linux-gnu/11.3.0/:/usr/libexec/gcc/x86_64-pc-linux-gnu/:/usr/lib/gcc/x86_64-pc-linux-gnu/11.3.0/:/usr/lib/gcc/x86_64-pc-linux-gnu/:/usr/lib/gcc/x86_64-pc-linux-gnu/11.3.0/../../../../x86_64-pc-linux-gnu/bin/]
  ignore line: [LIBRARY_PATH=/usr/lib/gcc/x86_64-pc-linux-gnu/11.3.0/:/usr/lib/gcc/x86_64-pc-linux-gnu/11.3.0/../../../../lib64/:/lib/../lib64/:/usr/lib/../lib64/:/usr/lib/gcc/x86_64-pc-linux-gnu/11.3.0/../../../../x86_64-pc-linux-gnu/lib/:/usr/lib/gcc/x86_64-pc-linux-gnu/11.3.0/../../../:/lib/:/usr/lib/]
  ignore line: [COLLECT_GCC_OPTIONS='-v' '-o' 'cmTC_6da2b' '-mtune=generic' '-march=x86-64' '-dumpdir' 'cmTC_6da2b.']
  link line: [ /usr/libexec/gcc/x86_64-pc-linux-gnu/11.3.0/collect2 -plugin /usr/libexec/gcc/x86_64-pc-linux-gnu/11.3.0/liblto_plugin.so -plugin-opt=/usr/libexec/gcc/x86_64-pc-linux-gnu/11.3.0/lto-wrapper -plugin-opt=-fresolution=/tmp/ccS2OP5S.res -plugin-opt=-pass-through=-lgcc -plugin-opt=-pass-through=-lgcc_s -plugin-opt=-pass-through=-lc -plugin-opt=-pass-through=-lgcc -plugin-opt=-pass-through=-lgcc_s --eh-frame-hdr -m elf_x86_64 -dynamic-linker /lib64/ld-linux-x86-64.so.2 -pie -z now -o cmTC_6da2b /usr/lib/gcc/x86_64-pc-linux-gnu/11.3.0/../../../../lib64/Scrt1.o /usr/lib/gcc/x86_64-pc-linux-gnu/11.3.0/../../../../lib64/crti.o /usr/lib/gcc/x86_64-pc-linux-gnu/11.3.0/crtbeginS.o -L/usr/lib/gcc/x86_64-pc-linux-gnu/11.3.0 -L/usr/lib/gcc/x86_64-pc-linux-gnu/11.3.0/../../../../lib64 -L/lib/../lib64 -L/usr/lib/../lib64 -L/usr/lib/gcc/x86_64-pc-linux-gnu/11.3.0/../../../../x86_64-pc-linux-gnu/lib -L/usr/lib/gcc/x86_64-pc-linux-gnu/11.3.0/../../.. CMakeFiles/cmTC_6da2b.dir/CMakeCCompilerABI.c.o -lgcc --push-state --as-needed -lgcc_s --pop-state -lc -lgcc --push-state --as-needed -lgcc_s --pop-state /usr/lib/gcc/x86_64-pc-linux-gnu/11.3.0/crtendS.o /usr/lib/gcc/x86_64-pc-linux-gnu/11.3.0/../../../../lib64/crtn.o]
    arg [/usr/libexec/gcc/x86_64-pc-linux-gnu/11.3.0/collect2] ==> ignore
    arg [-plugin] ==> ignore
    arg [/usr/libexec/gcc/x86_64-pc-linux-gnu/11.3.0/liblto_plugin.so] ==> ignore
    arg [-plugin-opt=/usr/libexec/gcc/x86_64-pc-linux-gnu/11.3.0/lto-wrapper] ==> ignore
    arg [-plugin-opt=-fresolution=/tmp/ccS2OP5S.res] ==> ignore
    arg [-plugin-opt=-pass-through=-lgcc] ==> ignore
    arg [-plugin-opt=-pass-through=-lgcc_s] ==> ignore
    arg [-plugin-opt=-pass-through=-lc] ==> ignore
    arg [-plugin-opt=-pass-through=-lgcc] ==> ignore
    arg [-plugin-opt=-pass-through=-lgcc_s] ==> ignore
    arg [--eh-frame-hdr] ==> ignore
    arg [-m] ==> ignore
    arg [elf_x86_64] ==> ignore
    arg [-dynamic-linker] ==> ignore
    arg [/lib64/ld-linux-x86-64.so.2] ==> ignore
    arg [-pie] ==> ignore
    arg [-znow] ==> ignore
    arg [-o] ==> ignore
    arg [cmTC_6da2b] ==> ignore
    arg [/usr/lib/gcc/x86_64-pc-linux-gnu/11.3.0/../../../../lib64/Scrt1.o] ==> obj [/usr/lib/gcc/x86_64-pc-linux-gnu/11.3.0/../../../../lib64/Scrt1.o]
    arg [/usr/lib/gcc/x86_64-pc-linux-gnu/11.3.0/../../../../lib64/crti.o] ==> obj [/usr/lib/gcc/x86_64-pc-linux-gnu/11.3.0/../../../../lib64/crti.o]
    arg [/usr/lib/gcc/x86_64-pc-linux-gnu/11.3.0/crtbeginS.o] ==> obj [/usr/lib/gcc/x86_64-pc-linux-gnu/11.3.0/crtbeginS.o]
    arg [-L/usr/lib/gcc/x86_64-pc-linux-gnu/11.3.0] ==> dir [/usr/lib/gcc/x86_64-pc-linux-gnu/11.3.0]
    arg [-L/usr/lib/gcc/x86_64-pc-linux-gnu/11.3.0/../../../../lib64] ==> dir [/usr/lib/gcc/x86_64-pc-linux-gnu/11.3.0/../../../../lib64]
    arg [-L/lib/../lib64] ==> dir [/lib/../lib64]
    arg [-L/usr/lib/../lib64] ==> dir [/usr/lib/../lib64]
    arg [-L/usr/lib/gcc/x86_64-pc-linux-gnu/11.3.0/../../../../x86_64-pc-linux-gnu/lib] ==> dir [/usr/lib/gcc/x86_64-pc-linux-gnu/11.3.0/../../../../x86_64-pc-linux-gnu/lib]
    arg [-L/usr/lib/gcc/x86_64-pc-linux-gnu/11.3.0/../../..] ==> dir [/usr/lib/gcc/x86_64-pc-linux-gnu/11.3.0/../../..]
    arg [CMakeFiles/cmTC_6da2b.dir/CMakeCCompilerABI.c.o] ==> ignore
    arg [-lgcc] ==> lib [gcc]
    arg [--push-state] ==> ignore
    arg [--as-needed] ==> ignore
    arg [-lgcc_s] ==> lib [gcc_s]
    arg [--pop-state] ==> ignore
    arg [-lc] ==> lib [c]
    arg [-lgcc] ==> lib [gcc]
    arg [--push-state] ==> ignore
    arg [--as-needed] ==> ignore
    arg [-lgcc_s] ==> lib [gcc_s]
    arg [--pop-state] ==> ignore
    arg [/usr/lib/gcc/x86_64-pc-linux-gnu/11.3.0/crtendS.o] ==> obj [/usr/lib/gcc/x86_64-pc-linux-gnu/11.3.0/crtendS.o]
    arg [/usr/lib/gcc/x86_64-pc-linux-gnu/11.3.0/../../../../lib64/crtn.o] ==> obj [/usr/lib/gcc/x86_64-pc-linux-gnu/11.3.0/../../../../lib64/crtn.o]
  collapse obj [/usr/lib/gcc/x86_64-pc-linux-gnu/11.3.0/../../../../lib64/Scrt1.o] ==> [/usr/lib64/Scrt1.o]
  collapse obj [/usr/lib/gcc/x86_64-pc-linux-gnu/11.3.0/../../../../lib64/crti.o] ==> [/usr/lib64/crti.o]
  collapse obj [/usr/lib/gcc/x86_64-pc-linux-gnu/11.3.0/../../../../lib64/crtn.o] ==> [/usr/lib64/crtn.o]
  collapse library dir [/usr/lib/gcc/x86_64-pc-linux-gnu/11.3.0] ==> [/usr/lib/gcc/x86_64-pc-linux-gnu/11.3.0]
  collapse library dir [/usr/lib/gcc/x86_64-pc-linux-gnu/11.3.0/../../../../lib64] ==> [/usr/lib64]
  collapse library dir [/lib/../lib64] ==> [/lib64]
  collapse library dir [/usr/lib/../lib64] ==> [/usr/lib64]
  collapse library dir [/usr/lib/gcc/x86_64-pc-linux-gnu/11.3.0/../../../../x86_64-pc-linux-gnu/lib] ==> [/usr/x86_64-pc-linux-gnu/lib]
  collapse library dir [/usr/lib/gcc/x86_64-pc-linux-gnu/11.3.0/../../..] ==> [/usr/lib]
  implicit libs: [gcc;gcc_s;c;gcc;gcc_s]
  implicit objs: [/usr/lib64/Scrt1.o;/usr/lib64/crti.o;/usr/lib/gcc/x86_64-pc-linux-gnu/11.3.0/crtbeginS.o;/usr/lib/gcc/x86_64-pc-linux-gnu/11.3.0/crtendS.o;/usr/lib64/crtn.o]
  implicit dirs: [/usr/lib/gcc/x86_64-pc-linux-gnu/11.3.0;/usr/lib64;/lib64;/usr/x86_64-pc-linux-gnu/lib;/usr/lib]
  implicit fwks: []


Detecting CXX compiler ABI info compiled with the following output:
Change Dir: /home/rob/Programming/c/CPlusPlus/cmake-build-debug/CMakeFiles/CMakeTmp

Run Build Command(s):/usr/bin/gmake -f Makefile cmTC_ff866/fast && /usr/bin/gmake  -f CMakeFiles/cmTC_ff866.dir/build.make CMakeFiles/cmTC_ff866.dir/build
gmake[1]: Entering directory '/home/rob/Programming/c/CPlusPlus/cmake-build-debug/CMakeFiles/CMakeTmp'
Building CXX object CMakeFiles/cmTC_ff866.dir/CMakeCXXCompilerABI.cpp.o
/usr/bin/c++   -v -o CMakeFiles/cmTC_ff866.dir/CMakeCXXCompilerABI.cpp.o -c /home/rob/.local/share/JetBrains/Toolbox/apps/CLion/ch-0/222.4167.35/bin/cmake/linux/share/cmake-3.23/Modules/CMakeCXXCompilerABI.cpp
Using built-in specs.
COLLECT_GCC=/usr/bin/c++
Target: x86_64-pc-linux-gnu
Configured with: /var/tmp/portage/sys-devel/gcc-11.3.0/work/gcc-11.3.0/configure --host=x86_64-pc-linux-gnu --build=x86_64-pc-linux-gnu --prefix=/usr --bindir=/usr/x86_64-pc-linux-gnu/gcc-bin/11.3.0 --includedir=/usr/lib/gcc/x86_64-pc-linux-gnu/11.3.0/include --datadir=/usr/share/gcc-data/x86_64-pc-linux-gnu/11.3.0 --mandir=/usr/share/gcc-data/x86_64-pc-linux-gnu/11.3.0/man --infodir=/usr/share/gcc-data/x86_64-pc-linux-gnu/11.3.0/info --with-gxx-include-dir=/usr/lib/gcc/x86_64-pc-linux-gnu/11.3.0/include/g++-v11 --with-python-dir=/share/gcc-data/x86_64-pc-linux-gnu/11.3.0/python --enable-languages=c,c++,fortran --enable-obsolete --enable-secureplt --disable-werror --with-system-zlib --enable-nls --without-included-gettext --disable-libunwind-exceptions --enable-checking=release --with-bugurl=https://bugs.gentoo.org/ --with-pkgversion='Gentoo Hardened 11.3.0 p7' --enable-esp --enable-libstdcxx-time --disable-libstdcxx-pch --enable-shared --enable-threads=posix --enable-__cxa_atexit --enable-clocale=gnu --enable-multilib --with-multilib-list=m32,m64 --disable-fixed-point --enable-targets=all --enable-libgomp --disable-libssp --disable-libada --disable-cet --disable-systemtap --disable-valgrind-annotations --disable-vtable-verify --disable-libvtv --without-zstd --enable-lto --without-isl --enable-default-pie --enable-default-ssp --with-build-config=bootstrap-lto
Thread model: posix
Supported LTO compression algorithms: zlib
gcc version 11.3.0 (Gentoo Hardened 11.3.0 p7) 
COLLECT_GCC_OPTIONS='-v' '-o' 'CMakeFiles/cmTC_ff866.dir/CMakeCXXCompilerABI.cpp.o' '-c' '-shared-libgcc' '-mtune=generic' '-march=x86-64' '-dumpdir' 'CMakeFiles/cmTC_ff866.dir/'
 /usr/libexec/gcc/x86_64-pc-linux-gnu/11.3.0/cc1plus -quiet -v -D_GNU_SOURCE /home/rob/.local/share/JetBrains/Toolbox/apps/CLion/ch-0/222.4167.35/bin/cmake/linux/share/cmake-3.23/Modules/CMakeCXXCompilerABI.cpp -quiet -dumpdir CMakeFiles/cmTC_ff866.dir/ -dumpbase CMakeCXXCompilerABI.cpp.cpp -dumpbase-ext .cpp -mtune=generic -march=x86-64 -version -o /tmp/ccykfQf5.s
GNU C++17 (Gentoo Hardened 11.3.0 p7) version 11.3.0 (x86_64-pc-linux-gnu)
	compiled by GNU C version 11.3.0, GMP version 6.2.1, MPFR version 4.1.0-p13, MPC version 1.2.1, isl version none
GGC heuristics: --param ggc-min-expand=100 --param ggc-min-heapsize=131072
ignoring nonexistent directory "/usr/local/include"
ignoring nonexistent directory "/usr/lib/gcc/x86_64-pc-linux-gnu/11.3.0/../../../../x86_64-pc-linux-gnu/include"
#include "..." search starts here:
#include <...> search starts here:
 /usr/lib/gcc/x86_64-pc-linux-gnu/11.3.0/include/g++-v11
 /usr/lib/gcc/x86_64-pc-linux-gnu/11.3.0/include/g++-v11/x86_64-pc-linux-gnu
 /usr/lib/gcc/x86_64-pc-linux-gnu/11.3.0/include/g++-v11/backward
 /usr/lib/gcc/x86_64-pc-linux-gnu/11.3.0/include
 /usr/lib/gcc/x86_64-pc-linux-gnu/11.3.0/include-fixed
 /usr/include
End of search list.
GNU C++17 (Gentoo Hardened 11.3.0 p7) version 11.3.0 (x86_64-pc-linux-gnu)
	compiled by GNU C version 11.3.0, GMP version 6.2.1, MPFR version 4.1.0-p13, MPC version 1.2.1, isl version none
GGC heuristics: --param ggc-min-expand=100 --param ggc-min-heapsize=131072
Compiler executable checksum: 2fbb18dc03e36114da64245123fc8421
COLLECT_GCC_OPTIONS='-v' '-o' 'CMakeFiles/cmTC_ff866.dir/CMakeCXXCompilerABI.cpp.o' '-c' '-shared-libgcc' '-mtune=generic' '-march=x86-64' '-dumpdir' 'CMakeFiles/cmTC_ff866.dir/'
 /usr/lib/gcc/x86_64-pc-linux-gnu/11.3.0/../../../../x86_64-pc-linux-gnu/bin/as -v --64 -o CMakeFiles/cmTC_ff866.dir/CMakeCXXCompilerABI.cpp.o /tmp/ccykfQf5.s
GNU assembler version 2.38 (x86_64-pc-linux-gnu) using BFD version (Gentoo 2.38 p4) 2.38
COMPILER_PATH=/usr/libexec/gcc/x86_64-pc-linux-gnu/11.3.0/:/usr/libexec/gcc/x86_64-pc-linux-gnu/11.3.0/:/usr/libexec/gcc/x86_64-pc-linux-gnu/:/usr/lib/gcc/x86_64-pc-linux-gnu/11.3.0/:/usr/lib/gcc/x86_64-pc-linux-gnu/:/usr/lib/gcc/x86_64-pc-linux-gnu/11.3.0/../../../../x86_64-pc-linux-gnu/bin/
LIBRARY_PATH=/usr/lib/gcc/x86_64-pc-linux-gnu/11.3.0/:/usr/lib/gcc/x86_64-pc-linux-gnu/11.3.0/../../../../lib64/:/lib/../lib64/:/usr/lib/../lib64/:/usr/lib/gcc/x86_64-pc-linux-gnu/11.3.0/../../../../x86_64-pc-linux-gnu/lib/:/usr/lib/gcc/x86_64-pc-linux-gnu/11.3.0/../../../:/lib/:/usr/lib/
COLLECT_GCC_OPTIONS='-v' '-o' 'CMakeFiles/cmTC_ff866.dir/CMakeCXXCompilerABI.cpp.o' '-c' '-shared-libgcc' '-mtune=generic' '-march=x86-64' '-dumpdir' 'CMakeFiles/cmTC_ff866.dir/CMakeCXXCompilerABI.cpp.'
Linking CXX executable cmTC_ff866
/home/rob/.local/share/JetBrains/Toolbox/apps/CLion/ch-0/222.4167.35/bin/cmake/linux/bin/cmake -E cmake_link_script CMakeFiles/cmTC_ff866.dir/link.txt --verbose=1
/usr/bin/c++  -v CMakeFiles/cmTC_ff866.dir/CMakeCXXCompilerABI.cpp.o -o cmTC_ff866 
Using built-in specs.
COLLECT_GCC=/usr/bin/c++
COLLECT_LTO_WRAPPER=/usr/libexec/gcc/x86_64-pc-linux-gnu/11.3.0/lto-wrapper
Target: x86_64-pc-linux-gnu
Configured with: /var/tmp/portage/sys-devel/gcc-11.3.0/work/gcc-11.3.0/configure --host=x86_64-pc-linux-gnu --build=x86_64-pc-linux-gnu --prefix=/usr --bindir=/usr/x86_64-pc-linux-gnu/gcc-bin/11.3.0 --includedir=/usr/lib/gcc/x86_64-pc-linux-gnu/11.3.0/include --datadir=/usr/share/gcc-data/x86_64-pc-linux-gnu/11.3.0 --mandir=/usr/share/gcc-data/x86_64-pc-linux-gnu/11.3.0/man --infodir=/usr/share/gcc-data/x86_64-pc-linux-gnu/11.3.0/info --with-gxx-include-dir=/usr/lib/gcc/x86_64-pc-linux-gnu/11.3.0/include/g++-v11 --with-python-dir=/share/gcc-data/x86_64-pc-linux-gnu/11.3.0/python --enable-languages=c,c++,fortran --enable-obsolete --enable-secureplt --disable-werror --with-system-zlib --enable-nls --without-included-gettext --disable-libunwind-exceptions --enable-checking=release --with-bugurl=https://bugs.gentoo.org/ --with-pkgversion='Gentoo Hardened 11.3.0 p7' --enable-esp --enable-libstdcxx-time --disable-libstdcxx-pch --enable-shared --enable-threads=posix --enable-__cxa_atexit --enable-clocale=gnu --enable-multilib --with-multilib-list=m32,m64 --disable-fixed-point --enable-targets=all --enable-libgomp --disable-libssp --disable-libada --disable-cet --disable-systemtap --disable-valgrind-annotations --disable-vtable-verify --disable-libvtv --without-zstd --enable-lto --without-isl --enable-default-pie --enable-default-ssp --with-build-config=bootstrap-lto
Thread model: posix
Supported LTO compression algorithms: zlib
gcc version 11.3.0 (Gentoo Hardened 11.3.0 p7) 
COMPILER_PATH=/usr/libexec/gcc/x86_64-pc-linux-gnu/11.3.0/:/usr/libexec/gcc/x86_64-pc-linux-gnu/11.3.0/:/usr/libexec/gcc/x86_64-pc-linux-gnu/:/usr/lib/gcc/x86_64-pc-linux-gnu/11.3.0/:/usr/lib/gcc/x86_64-pc-linux-gnu/:/usr/lib/gcc/x86_64-pc-linux-gnu/11.3.0/../../../../x86_64-pc-linux-gnu/bin/
LIBRARY_PATH=/usr/lib/gcc/x86_64-pc-linux-gnu/11.3.0/:/usr/lib/gcc/x86_64-pc-linux-gnu/11.3.0/../../../../lib64/:/lib/../lib64/:/usr/lib/../lib64/:/usr/lib/gcc/x86_64-pc-linux-gnu/11.3.0/../../../../x86_64-pc-linux-gnu/lib/:/usr/lib/gcc/x86_64-pc-linux-gnu/11.3.0/../../../:/lib/:/usr/lib/
COLLECT_GCC_OPTIONS='-v' '-o' 'cmTC_ff866' '-shared-libgcc' '-mtune=generic' '-march=x86-64' '-dumpdir' 'cmTC_ff866.'
 /usr/libexec/gcc/x86_64-pc-linux-gnu/11.3.0/collect2 -plugin /usr/libexec/gcc/x86_64-pc-linux-gnu/11.3.0/liblto_plugin.so -plugin-opt=/usr/libexec/gcc/x86_64-pc-linux-gnu/11.3.0/lto-wrapper -plugin-opt=-fresolution=/tmp/cc89zuAz.res -plugin-opt=-pass-through=-lgcc_s -plugin-opt=-pass-through=-lgcc -plugin-opt=-pass-through=-lc -plugin-opt=-pass-through=-lgcc_s -plugin-opt=-pass-through=-lgcc --eh-frame-hdr -m elf_x86_64 -dynamic-linker /lib64/ld-linux-x86-64.so.2 -pie -z now -o cmTC_ff866 /usr/lib/gcc/x86_64-pc-linux-gnu/11.3.0/../../../../lib64/Scrt1.o /usr/lib/gcc/x86_64-pc-linux-gnu/11.3.0/../../../../lib64/crti.o /usr/lib/gcc/x86_64-pc-linux-gnu/11.3.0/crtbeginS.o -L/usr/lib/gcc/x86_64-pc-linux-gnu/11.3.0 -L/usr/lib/gcc/x86_64-pc-linux-gnu/11.3.0/../../../../lib64 -L/lib/../lib64 -L/usr/lib/../lib64 -L/usr/lib/gcc/x86_64-pc-linux-gnu/11.3.0/../../../../x86_64-pc-linux-gnu/lib -L/usr/lib/gcc/x86_64-pc-linux-gnu/11.3.0/../../.. CMakeFiles/cmTC_ff866.dir/CMakeCXXCompilerABI.cpp.o -lstdc++ -lm -lgcc_s -lgcc -lc -lgcc_s -lgcc /usr/lib/gcc/x86_64-pc-linux-gnu/11.3.0/crtendS.o /usr/lib/gcc/x86_64-pc-linux-gnu/11.3.0/../../../../lib64/crtn.o
COLLECT_GCC_OPTIONS='-v' '-o' 'cmTC_ff866' '-shared-libgcc' '-mtune=generic' '-march=x86-64' '-dumpdir' 'cmTC_ff866.'
gmake[1]: Leaving directory '/home/rob/Programming/c/CPlusPlus/cmake-build-debug/CMakeFiles/CMakeTmp'



Parsed CXX implicit include dir info from above output: rv=done
  found start of include info
  found start of implicit include info
    add: [/usr/lib/gcc/x86_64-pc-linux-gnu/11.3.0/include/g++-v11]
    add: [/usr/lib/gcc/x86_64-pc-linux-gnu/11.3.0/include/g++-v11/x86_64-pc-linux-gnu]
    add: [/usr/lib/gcc/x86_64-pc-linux-gnu/11.3.0/include/g++-v11/backward]
    add: [/usr/lib/gcc/x86_64-pc-linux-gnu/11.3.0/include]
    add: [/usr/lib/gcc/x86_64-pc-linux-gnu/11.3.0/include-fixed]
    add: [/usr/include]
  end of search list found
  collapse include dir [/usr/lib/gcc/x86_64-pc-linux-gnu/11.3.0/include/g++-v11] ==> [/usr/lib/gcc/x86_64-pc-linux-gnu/11.3.0/include/g++-v11]
  collapse include dir [/usr/lib/gcc/x86_64-pc-linux-gnu/11.3.0/include/g++-v11/x86_64-pc-linux-gnu] ==> [/usr/lib/gcc/x86_64-pc-linux-gnu/11.3.0/include/g++-v11/x86_64-pc-linux-gnu]
  collapse include dir [/usr/lib/gcc/x86_64-pc-linux-gnu/11.3.0/include/g++-v11/backward] ==> [/usr/lib/gcc/x86_64-pc-linux-gnu/11.3.0/include/g++-v11/backward]
  collapse include dir [/usr/lib/gcc/x86_64-pc-linux-gnu/11.3.0/include] ==> [/usr/lib/gcc/x86_64-pc-linux-gnu/11.3.0/include]
  collapse include dir [/usr/lib/gcc/x86_64-pc-linux-gnu/11.3.0/include-fixed] ==> [/usr/lib/gcc/x86_64-pc-linux-gnu/11.3.0/include-fixed]
  collapse include dir [/usr/include] ==> [/usr/include]
  implicit include dirs: [/usr/lib/gcc/x86_64-pc-linux-gnu/11.3.0/include/g++-v11;/usr/lib/gcc/x86_64-pc-linux-gnu/11.3.0/include/g++-v11/x86_64-pc-linux-gnu;/usr/lib/gcc/x86_64-pc-linux-gnu/11.3.0/include/g++-v11/backward;/usr/lib/gcc/x86_64-pc-linux-gnu/11.3.0/include;/usr/lib/gcc/x86_64-pc-linux-gnu/11.3.0/include-fixed;/usr/include]


Parsed CXX implicit link information from above output:
  link line regex: [^( *|.*[/\])(ld|CMAKE_LINK_STARTFILE-NOTFOUND|([^/\]+-)?ld|collect2)[^/\]*( |$)]
  ignore line: [Change Dir: /home/rob/Programming/c/CPlusPlus/cmake-build-debug/CMakeFiles/CMakeTmp]
  ignore line: []
  ignore line: [Run Build Command(s):/usr/bin/gmake -f Makefile cmTC_ff866/fast && /usr/bin/gmake  -f CMakeFiles/cmTC_ff866.dir/build.make CMakeFiles/cmTC_ff866.dir/build]
  ignore line: [gmake[1]: Entering directory '/home/rob/Programming/c/CPlusPlus/cmake-build-debug/CMakeFiles/CMakeTmp']
  ignore line: [Building CXX object CMakeFiles/cmTC_ff866.dir/CMakeCXXCompilerABI.cpp.o]
  ignore line: [/usr/bin/c++   -v -o CMakeFiles/cmTC_ff866.dir/CMakeCXXCompilerABI.cpp.o -c /home/rob/.local/share/JetBrains/Toolbox/apps/CLion/ch-0/222.4167.35/bin/cmake/linux/share/cmake-3.23/Modules/CMakeCXXCompilerABI.cpp]
  ignore line: [Using built-in specs.]
  ignore line: [COLLECT_GCC=/usr/bin/c++]
  ignore line: [Target: x86_64-pc-linux-gnu]
  ignore line: [Configured with: /var/tmp/portage/sys-devel/gcc-11.3.0/work/gcc-11.3.0/configure --host=x86_64-pc-linux-gnu --build=x86_64-pc-linux-gnu --prefix=/usr --bindir=/usr/x86_64-pc-linux-gnu/gcc-bin/11.3.0 --includedir=/usr/lib/gcc/x86_64-pc-linux-gnu/11.3.0/include --datadir=/usr/share/gcc-data/x86_64-pc-linux-gnu/11.3.0 --mandir=/usr/share/gcc-data/x86_64-pc-linux-gnu/11.3.0/man --infodir=/usr/share/gcc-data/x86_64-pc-linux-gnu/11.3.0/info --with-gxx-include-dir=/usr/lib/gcc/x86_64-pc-linux-gnu/11.3.0/include/g++-v11 --with-python-dir=/share/gcc-data/x86_64-pc-linux-gnu/11.3.0/python --enable-languages=c c++ fortran --enable-obsolete --enable-secureplt --disable-werror --with-system-zlib --enable-nls --without-included-gettext --disable-libunwind-exceptions --enable-checking=release --with-bugurl=https://bugs.gentoo.org/ --with-pkgversion='Gentoo Hardened 11.3.0 p7' --enable-esp --enable-libstdcxx-time --disable-libstdcxx-pch --enable-shared --enable-threads=posix --enable-__cxa_atexit --enable-clocale=gnu --enable-multilib --with-multilib-list=m32 m64 --disable-fixed-point --enable-targets=all --enable-libgomp --disable-libssp --disable-libada --disable-cet --disable-systemtap --disable-valgrind-annotations --disable-vtable-verify --disable-libvtv --without-zstd --enable-lto --without-isl --enable-default-pie --enable-default-ssp --with-build-config=bootstrap-lto]
  ignore line: [Thread model: posix]
  ignore line: [Supported LTO compression algorithms: zlib]
  ignore line: [gcc version 11.3.0 (Gentoo Hardened 11.3.0 p7) ]
  ignore line: [COLLECT_GCC_OPTIONS='-v' '-o' 'CMakeFiles/cmTC_ff866.dir/CMakeCXXCompilerABI.cpp.o' '-c' '-shared-libgcc' '-mtune=generic' '-march=x86-64' '-dumpdir' 'CMakeFiles/cmTC_ff866.dir/']
  ignore line: [ /usr/libexec/gcc/x86_64-pc-linux-gnu/11.3.0/cc1plus -quiet -v -D_GNU_SOURCE /home/rob/.local/share/JetBrains/Toolbox/apps/CLion/ch-0/222.4167.35/bin/cmake/linux/share/cmake-3.23/Modules/CMakeCXXCompilerABI.cpp -quiet -dumpdir CMakeFiles/cmTC_ff866.dir/ -dumpbase CMakeCXXCompilerABI.cpp.cpp -dumpbase-ext .cpp -mtune=generic -march=x86-64 -version -o /tmp/ccykfQf5.s]
  ignore line: [GNU C++17 (Gentoo Hardened 11.3.0 p7) version 11.3.0 (x86_64-pc-linux-gnu)]
  ignore line: [	compiled by GNU C version 11.3.0  GMP version 6.2.1  MPFR version 4.1.0-p13  MPC version 1.2.1  isl version none]
  ignore line: [GGC heuristics: --param ggc-min-expand=100 --param ggc-min-heapsize=131072]
  ignore line: [ignoring nonexistent directory "/usr/local/include"]
  ignore line: [ignoring nonexistent directory "/usr/lib/gcc/x86_64-pc-linux-gnu/11.3.0/../../../../x86_64-pc-linux-gnu/include"]
  ignore line: [#include "..." search starts here:]
  ignore line: [#include <...> search starts here:]
  ignore line: [ /usr/lib/gcc/x86_64-pc-linux-gnu/11.3.0/include/g++-v11]
  ignore line: [ /usr/lib/gcc/x86_64-pc-linux-gnu/11.3.0/include/g++-v11/x86_64-pc-linux-gnu]
  ignore line: [ /usr/lib/gcc/x86_64-pc-linux-gnu/11.3.0/include/g++-v11/backward]
  ignore line: [ /usr/lib/gcc/x86_64-pc-linux-gnu/11.3.0/include]
  ignore line: [ /usr/lib/gcc/x86_64-pc-linux-gnu/11.3.0/include-fixed]
  ignore line: [ /usr/include]
  ignore line: [End of search list.]
  ignore line: [GNU C++17 (Gentoo Hardened 11.3.0 p7) version 11.3.0 (x86_64-pc-linux-gnu)]
  ignore line: [	compiled by GNU C version 11.3.0  GMP version 6.2.1  MPFR version 4.1.0-p13  MPC version 1.2.1  isl version none]
  ignore line: [GGC heuristics: --param ggc-min-expand=100 --param ggc-min-heapsize=131072]
  ignore line: [Compiler executable checksum: 2fbb18dc03e36114da64245123fc8421]
  ignore line: [COLLECT_GCC_OPTIONS='-v' '-o' 'CMakeFiles/cmTC_ff866.dir/CMakeCXXCompilerABI.cpp.o' '-c' '-shared-libgcc' '-mtune=generic' '-march=x86-64' '-dumpdir' 'CMakeFiles/cmTC_ff866.dir/']
  ignore line: [ /usr/lib/gcc/x86_64-pc-linux-gnu/11.3.0/../../../../x86_64-pc-linux-gnu/bin/as -v --64 -o CMakeFiles/cmTC_ff866.dir/CMakeCXXCompilerABI.cpp.o /tmp/ccykfQf5.s]
  ignore line: [GNU assembler version 2.38 (x86_64-pc-linux-gnu) using BFD version (Gentoo 2.38 p4) 2.38]
  ignore line: [COMPILER_PATH=/usr/libexec/gcc/x86_64-pc-linux-gnu/11.3.0/:/usr/libexec/gcc/x86_64-pc-linux-gnu/11.3.0/:/usr/libexec/gcc/x86_64-pc-linux-gnu/:/usr/lib/gcc/x86_64-pc-linux-gnu/11.3.0/:/usr/lib/gcc/x86_64-pc-linux-gnu/:/usr/lib/gcc/x86_64-pc-linux-gnu/11.3.0/../../../../x86_64-pc-linux-gnu/bin/]
  ignore line: [LIBRARY_PATH=/usr/lib/gcc/x86_64-pc-linux-gnu/11.3.0/:/usr/lib/gcc/x86_64-pc-linux-gnu/11.3.0/../../../../lib64/:/lib/../lib64/:/usr/lib/../lib64/:/usr/lib/gcc/x86_64-pc-linux-gnu/11.3.0/../../../../x86_64-pc-linux-gnu/lib/:/usr/lib/gcc/x86_64-pc-linux-gnu/11.3.0/../../../:/lib/:/usr/lib/]
  ignore line: [COLLECT_GCC_OPTIONS='-v' '-o' 'CMakeFiles/cmTC_ff866.dir/CMakeCXXCompilerABI.cpp.o' '-c' '-shared-libgcc' '-mtune=generic' '-march=x86-64' '-dumpdir' 'CMakeFiles/cmTC_ff866.dir/CMakeCXXCompilerABI.cpp.']
  ignore line: [Linking CXX executable cmTC_ff866]
  ignore line: [/home/rob/.local/share/JetBrains/Toolbox/apps/CLion/ch-0/222.4167.35/bin/cmake/linux/bin/cmake -E cmake_link_script CMakeFiles/cmTC_ff866.dir/link.txt --verbose=1]
  ignore line: [/usr/bin/c++  -v CMakeFiles/cmTC_ff866.dir/CMakeCXXCompilerABI.cpp.o -o cmTC_ff866 ]
  ignore line: [Using built-in specs.]
  ignore line: [COLLECT_GCC=/usr/bin/c++]
  ignore line: [COLLECT_LTO_WRAPPER=/usr/libexec/gcc/x86_64-pc-linux-gnu/11.3.0/lto-wrapper]
  ignore line: [Target: x86_64-pc-linux-gnu]
  ignore line: [Configured with: /var/tmp/portage/sys-devel/gcc-11.3.0/work/gcc-11.3.0/configure --host=x86_64-pc-linux-gnu --build=x86_64-pc-linux-gnu --prefix=/usr --bindir=/usr/x86_64-pc-linux-gnu/gcc-bin/11.3.0 --includedir=/usr/lib/gcc/x86_64-pc-linux-gnu/11.3.0/include --datadir=/usr/share/gcc-data/x86_64-pc-linux-gnu/11.3.0 --mandir=/usr/share/gcc-data/x86_64-pc-linux-gnu/11.3.0/man --infodir=/usr/share/gcc-data/x86_64-pc-linux-gnu/11.3.0/info --with-gxx-include-dir=/usr/lib/gcc/x86_64-pc-linux-gnu/11.3.0/include/g++-v11 --with-python-dir=/share/gcc-data/x86_64-pc-linux-gnu/11.3.0/python --enable-languages=c c++ fortran --enable-obsolete --enable-secureplt --disable-werror --with-system-zlib --enable-nls --without-included-gettext --disable-libunwind-exceptions --enable-checking=release --with-bugurl=https://bugs.gentoo.org/ --with-pkgversion='Gentoo Hardened 11.3.0 p7' --enable-esp --enable-libstdcxx-time --disable-libstdcxx-pch --enable-shared --enable-threads=posix --enable-__cxa_atexit --enable-clocale=gnu --enable-multilib --with-multilib-list=m32 m64 --disable-fixed-point --enable-targets=all --enable-libgomp --disable-libssp --disable-libada --disable-cet --disable-systemtap --disable-valgrind-annotations --disable-vtable-verify --disable-libvtv --without-zstd --enable-lto --without-isl --enable-default-pie --enable-default-ssp --with-build-config=bootstrap-lto]
  ignore line: [Thread model: posix]
  ignore line: [Supported LTO compression algorithms: zlib]
  ignore line: [gcc version 11.3.0 (Gentoo Hardened 11.3.0 p7) ]
  ignore line: [COMPILER_PATH=/usr/libexec/gcc/x86_64-pc-linux-gnu/11.3.0/:/usr/libexec/gcc/x86_64-pc-linux-gnu/11.3.0/:/usr/libexec/gcc/x86_64-pc-linux-gnu/:/usr/lib/gcc/x86_64-pc-linux-gnu/11.3.0/:/usr/lib/gcc/x86_64-pc-linux-gnu/:/usr/lib/gcc/x86_64-pc-linux-gnu/11.3.0/../../../../x86_64-pc-linux-gnu/bin/]
  ignore line: [LIBRARY_PATH=/usr/lib/gcc/x86_64-pc-linux-gnu/11.3.0/:/usr/lib/gcc/x86_64-pc-linux-gnu/11.3.0/../../../../lib64/:/lib/../lib64/:/usr/lib/../lib64/:/usr/lib/gcc/x86_64-pc-linux-gnu/11.3.0/../../../../x86_64-pc-linux-gnu/lib/:/usr/lib/gcc/x86_64-pc-linux-gnu/11.3.0/../../../:/lib/:/usr/lib/]
  ignore line: [COLLECT_GCC_OPTIONS='-v' '-o' 'cmTC_ff866' '-shared-libgcc' '-mtune=generic' '-march=x86-64' '-dumpdir' 'cmTC_ff866.']
  link line: [ /usr/libexec/gcc/x86_64-pc-linux-gnu/11.3.0/collect2 -plugin /usr/libexec/gcc/x86_64-pc-linux-gnu/11.3.0/liblto_plugin.so -plugin-opt=/usr/libexec/gcc/x86_64-pc-linux-gnu/11.3.0/lto-wrapper -plugin-opt=-fresolution=/tmp/cc89zuAz.res -plugin-opt=-pass-through=-lgcc_s -plugin-opt=-pass-through=-lgcc -plugin-opt=-pass-through=-lc -plugin-opt=-pass-through=-lgcc_s -plugin-opt=-pass-through=-lgcc --eh-frame-hdr -m elf_x86_64 -dynamic-linker /lib64/ld-linux-x86-64.so.2 -pie -z now -o cmTC_ff866 /usr/lib/gcc/x86_64-pc-linux-gnu/11.3.0/../../../../lib64/Scrt1.o /usr/lib/gcc/x86_64-pc-linux-gnu/11.3.0/../../../../lib64/crti.o /usr/lib/gcc/x86_64-pc-linux-gnu/11.3.0/crtbeginS.o -L/usr/lib/gcc/x86_64-pc-linux-gnu/11.3.0 -L/usr/lib/gcc/x86_64-pc-linux-gnu/11.3.0/../../../../lib64 -L/lib/../lib64 -L/usr/lib/../lib64 -L/usr/lib/gcc/x86_64-pc-linux-gnu/11.3.0/../../../../x86_64-pc-linux-gnu/lib -L/usr/lib/gcc/x86_64-pc-linux-gnu/11.3.0/../../.. CMakeFiles/cmTC_ff866.dir/CMakeCXXCompilerABI.cpp.o -lstdc++ -lm -lgcc_s -lgcc -lc -lgcc_s -lgcc /usr/lib/gcc/x86_64-pc-linux-gnu/11.3.0/crtendS.o /usr/lib/gcc/x86_64-pc-linux-gnu/11.3.0/../../../../lib64/crtn.o]
    arg [/usr/libexec/gcc/x86_64-pc-linux-gnu/11.3.0/collect2] ==> ignore
    arg [-plugin] ==> ignore
    arg [/usr/libexec/gcc/x86_64-pc-linux-gnu/11.3.0/liblto_plugin.so] ==> ignore
    arg [-plugin-opt=/usr/libexec/gcc/x86_64-pc-linux-gnu/11.3.0/lto-wrapper] ==> ignore
    arg [-plugin-opt=-fresolution=/tmp/cc89zuAz.res] ==> ignore
    arg [-plugin-opt=-pass-through=-lgcc_s] ==> ignore
    arg [-plugin-opt=-pass-through=-lgcc] ==> ignore
    arg [-plugin-opt=-pass-through=-lc] ==> ignore
    arg [-plugin-opt=-pass-through=-lgcc_s] ==> ignore
    arg [-plugin-opt=-pass-through=-lgcc] ==> ignore
    arg [--eh-frame-hdr] ==> ignore
    arg [-m] ==> ignore
    arg [elf_x86_64] ==> ignore
    arg [-dynamic-linker] ==> ignore
    arg [/lib64/ld-linux-x86-64.so.2] ==> ignore
    arg [-pie] ==> ignore
    arg [-znow] ==> ignore
    arg [-o] ==> ignore
    arg [cmTC_ff866] ==> ignore
    arg [/usr/lib/gcc/x86_64-pc-linux-gnu/11.3.0/../../../../lib64/Scrt1.o] ==> obj [/usr/lib/gcc/x86_64-pc-linux-gnu/11.3.0/../../../../lib64/Scrt1.o]
    arg [/usr/lib/gcc/x86_64-pc-linux-gnu/11.3.0/../../../../lib64/crti.o] ==> obj [/usr/lib/gcc/x86_64-pc-linux-gnu/11.3.0/../../../../lib64/crti.o]
    arg [/usr/lib/gcc/x86_64-pc-linux-gnu/11.3.0/crtbeginS.o] ==> obj [/usr/lib/gcc/x86_64-pc-linux-gnu/11.3.0/crtbeginS.o]
    arg [-L/usr/lib/gcc/x86_64-pc-linux-gnu/11.3.0] ==> dir [/usr/lib/gcc/x86_64-pc-linux-gnu/11.3.0]
    arg [-L/usr/lib/gcc/x86_64-pc-linux-gnu/11.3.0/../../../../lib64] ==> dir [/usr/lib/gcc/x86_64-pc-linux-gnu/11.3.0/../../../../lib64]
    arg [-L/lib/../lib64] ==> dir [/lib/../lib64]
    arg [-L/usr/lib/../lib64] ==> dir [/usr/lib/../lib64]
    arg [-L/usr/lib/gcc/x86_64-pc-linux-gnu/11.3.0/../../../../x86_64-pc-linux-gnu/lib] ==> dir [/usr/lib/gcc/x86_64-pc-linux-gnu/11.3.0/../../../../x86_64-pc-linux-gnu/lib]
    arg [-L/usr/lib/gcc/x86_64-pc-linux-gnu/11.3.0/../../..] ==> dir [/usr/lib/gcc/x86_64-pc-linux-gnu/11.3.0/../../..]
    arg [CMakeFiles/cmTC_ff866.dir/CMakeCXXCompilerABI.cpp.o] ==> ignore
    arg [-lstdc++] ==> lib [stdc++]
    arg [-lm] ==> lib [m]
    arg [-lgcc_s] ==> lib [gcc_s]
    arg [-lgcc] ==> lib [gcc]
    arg [-lc] ==> lib [c]
    arg [-lgcc_s] ==> lib [gcc_s]
    arg [-lgcc] ==> lib [gcc]
    arg [/usr/lib/gcc/x86_64-pc-linux-gnu/11.3.0/crtendS.o] ==> obj [/usr/lib/gcc/x86_64-pc-linux-gnu/11.3.0/crtendS.o]
    arg [/usr/lib/gcc/x86_64-pc-linux-gnu/11.3.0/../../../../lib64/crtn.o] ==> obj [/usr/lib/gcc/x86_64-pc-linux-gnu/11.3.0/../../../../lib64/crtn.o]
  collapse obj [/usr/lib/gcc/x86_64-pc-linux-gnu/11.3.0/../../../../lib64/Scrt1.o] ==> [/usr/lib64/Scrt1.o]
  collapse obj [/usr/lib/gcc/x86_64-pc-linux-gnu/11.3.0/../../../../lib64/crti.o] ==> [/usr/lib64/crti.o]
  collapse obj [/usr/lib/gcc/x86_64-pc-linux-gnu/11.3.0/../../../../lib64/crtn.o] ==> [/usr/lib64/crtn.o]
  collapse library dir [/usr/lib/gcc/x86_64-pc-linux-gnu/11.3.0] ==> [/usr/lib/gcc/x86_64-pc-linux-gnu/11.3.0]
  collapse library dir [/usr/lib/gcc/x86_64-pc-linux-gnu/11.3.0/../../../../lib64] ==> [/usr/lib64]
  collapse library dir [/lib/../lib64] ==> [/lib64]
  collapse library dir [/usr/lib/../lib64] ==> [/usr/lib64]
  collapse library dir [/usr/lib/gcc/x86_64-pc-linux-gnu/11.3.0/../../../../x86_64-pc-linux-gnu/lib] ==> [/usr/x86_64-pc-linux-gnu/lib]
  collapse library dir [/usr/lib/gcc/x86_64-pc-linux-gnu/11.3.0/../../..] ==> [/usr/lib]
  implicit libs: [stdc++;m;gcc_s;gcc;c;gcc_s;gcc]
  implicit objs: [/usr/lib64/Scrt1.o;/usr/lib64/crti.o;/usr/lib/gcc/x86_64-pc-linux-gnu/11.3.0/crtbeginS.o;/usr/lib/gcc/x86_64-pc-linux-gnu/11.3.0/crtendS.o;/usr/lib64/crtn.o]
  implicit dirs: [/usr/lib/gcc/x86_64-pc-linux-gnu/11.3.0;/usr/lib64;/lib64;/usr/x86_64-pc-linux-gnu/lib;/usr/lib]
  implicit fwks: []


The system is: Linux - 5.15.69-gentoo-x86_64 - x86_64
Compiling the C compiler identification source file "CMakeCCompilerId.c" succeeded.
Compiler: /usr/bin/cc 
Build flags: 
Id flags:  

The output was:
0


Compilation of the C compiler identification source "CMakeCCompilerId.c" produced "a.out"

The C compiler identification is GNU, found in "/home/rob/Programming/c/CPlusPlus/cmake-build-debug/CMakeFiles/3.24.2/CompilerIdC/a.out"

Compiling the CXX compiler identification source file "CMakeCXXCompilerId.cpp" succeeded.
Compiler: /usr/bin/c++ 
Build flags: 
Id flags:  

The output was:
0


Compilation of the CXX compiler identification source "CMakeCXXCompilerId.cpp" produced "a.out"

The CXX compiler identification is GNU, found in "/home/rob/Programming/c/CPlusPlus/cmake-build-debug/CMakeFiles/3.24.2/CompilerIdCXX/a.out"

Detecting C compiler ABI info compiled with the following output:
Change Dir: /home/rob/Programming/c/CPlusPlus/cmake-build-debug/CMakeFiles/CMakeTmp

Run Build Command(s):/usr/bin/gmake -f Makefile cmTC_a0781/fast && /usr/bin/gmake  -f CMakeFiles/cmTC_a0781.dir/build.make CMakeFiles/cmTC_a0781.dir/build
gmake[1]: Entering directory '/home/rob/Programming/c/CPlusPlus/cmake-build-debug/CMakeFiles/CMakeTmp'
Building C object CMakeFiles/cmTC_a0781.dir/CMakeCCompilerABI.c.o
/usr/bin/cc   -fdiagnostics-color=always   -v -o CMakeFiles/cmTC_a0781.dir/CMakeCCompilerABI.c.o -c /home/rob/.local/share/JetBrains/Toolbox/apps/CLion/ch-0/223.7571.171/bin/cmake/linux/share/cmake-3.24/Modules/CMakeCCompilerABI.c
Using built-in specs.
COLLECT_GCC=/usr/bin/cc
Target: x86_64-pc-linux-gnu
Configured with: /var/tmp/portage/sys-devel/gcc-11.3.0/work/gcc-11.3.0/configure --host=x86_64-pc-linux-gnu --build=x86_64-pc-linux-gnu --prefix=/usr --bindir=/usr/x86_64-pc-linux-gnu/gcc-bin/11.3.0 --includedir=/usr/lib/gcc/x86_64-pc-linux-gnu/11.3.0/include --datadir=/usr/share/gcc-data/x86_64-pc-linux-gnu/11.3.0 --mandir=/usr/share/gcc-data/x86_64-pc-linux-gnu/11.3.0/man --infodir=/usr/share/gcc-data/x86_64-pc-linux-gnu/11.3.0/info --with-gxx-include-dir=/usr/lib/gcc/x86_64-pc-linux-gnu/11.3.0/include/g++-v11 --with-python-dir=/share/gcc-data/x86_64-pc-linux-gnu/11.3.0/python --enable-languages=c,c++,fortran --enable-obsolete --enable-secureplt --disable-werror --with-system-zlib --enable-nls --without-included-gettext --disable-libunwind-exceptions --enable-checking=release --with-bugurl=https://bugs.gentoo.org/ --with-pkgversion='Gentoo Hardened 11.3.0 p7' --enable-esp --enable-libstdcxx-time --disable-libstdcxx-pch --enable-shared --enable-threads=posix --enable-__cxa_atexit --enable-clocale=gnu --enable-multilib --with-multilib-list=m32,m64 --disable-fixed-point --enable-targets=all --enable-libgomp --disable-libssp --disable-libada --disable-cet --disable-systemtap --disable-valgrind-annotations --disable-vtable-verify --disable-libvtv --without-zstd --enable-lto --without-isl --enable-default-pie --enable-default-ssp --with-build-config=bootstrap-lto
Thread model: posix
Supported LTO compression algorithms: zlib
gcc version 11.3.0 (Gentoo Hardened 11.3.0 p7) 
COLLECT_GCC_OPTIONS='-fdiagnostics-color=always' '-v' '-o' 'CMakeFiles/cmTC_a0781.dir/CMakeCCompilerABI.c.o' '-c' '-mtune=generic' '-march=x86-64' '-dumpdir' 'CMakeFiles/cmTC_a0781.dir/'
 /usr/libexec/gcc/x86_64-pc-linux-gnu/11.3.0/cc1 -quiet -v /home/rob/.local/share/JetBrains/Toolbox/apps/CLion/ch-0/223.7571.171/bin/cmake/linux/share/cmake-3.24/Modules/CMakeCCompilerABI.c -quiet -dumpdir CMakeFiles/cmTC_a0781.dir/ -dumpbase CMakeCCompilerABI.c.c -dumpbase-ext .c -mtune=generic -march=x86-64 -version -fdiagnostics-color=always -o /tmp/ccXq5Wt0.s
GNU C17 (Gentoo Hardened 11.3.0 p7) version 11.3.0 (x86_64-pc-linux-gnu)
	compiled by GNU C version 11.3.0, GMP version 6.2.1, MPFR version 4.1.0-p13, MPC version 1.2.1, isl version none
GGC heuristics: --param ggc-min-expand=100 --param ggc-min-heapsize=131072
ignoring nonexistent directory "/usr/local/include"
ignoring nonexistent directory "/usr/lib/gcc/x86_64-pc-linux-gnu/11.3.0/../../../../x86_64-pc-linux-gnu/include"
#include "..." search starts here:
#include <...> search starts here:
 /usr/lib/gcc/x86_64-pc-linux-gnu/11.3.0/include
 /usr/lib/gcc/x86_64-pc-linux-gnu/11.3.0/include-fixed
 /usr/include
End of search list.
GNU C17 (Gentoo Hardened 11.3.0 p7) version 11.3.0 (x86_64-pc-linux-gnu)
	compiled by GNU C version 11.3.0, GMP version 6.2.1, MPFR version 4.1.0-p13, MPC version 1.2.1, isl version none
GGC heuristics: --param ggc-min-expand=100 --param ggc-min-heapsize=131072
Compiler executable checksum: 7110dc9dbb232ab76db9ef4cf79c3ae2
COLLECT_GCC_OPTIONS='-fdiagnostics-color=always' '-v' '-o' 'CMakeFiles/cmTC_a0781.dir/CMakeCCompilerABI.c.o' '-c' '-mtune=generic' '-march=x86-64' '-dumpdir' 'CMakeFiles/cmTC_a0781.dir/'
 /usr/lib/gcc/x86_64-pc-linux-gnu/11.3.0/../../../../x86_64-pc-linux-gnu/bin/as -v --64 -o CMakeFiles/cmTC_a0781.dir/CMakeCCompilerABI.c.o /tmp/ccXq5Wt0.s
GNU assembler version 2.38 (x86_64-pc-linux-gnu) using BFD version (Gentoo 2.38 p4) 2.38
COMPILER_PATH=/usr/libexec/gcc/x86_64-pc-linux-gnu/11.3.0/:/usr/libexec/gcc/x86_64-pc-linux-gnu/11.3.0/:/usr/libexec/gcc/x86_64-pc-linux-gnu/:/usr/lib/gcc/x86_64-pc-linux-gnu/11.3.0/:/usr/lib/gcc/x86_64-pc-linux-gnu/:/usr/lib/gcc/x86_64-pc-linux-gnu/11.3.0/../../../../x86_64-pc-linux-gnu/bin/
LIBRARY_PATH=/usr/lib/gcc/x86_64-pc-linux-gnu/11.3.0/:/usr/lib/gcc/x86_64-pc-linux-gnu/11.3.0/../../../../lib64/:/lib/../lib64/:/usr/lib/../lib64/:/usr/lib/gcc/x86_64-pc-linux-gnu/11.3.0/../../../../x86_64-pc-linux-gnu/lib/:/usr/lib/gcc/x86_64-pc-linux-gnu/11.3.0/../../../:/lib/:/usr/lib/
COLLECT_GCC_OPTIONS='-fdiagnostics-color=always' '-v' '-o' 'CMakeFiles/cmTC_a0781.dir/CMakeCCompilerABI.c.o' '-c' '-mtune=generic' '-march=x86-64' '-dumpdir' 'CMakeFiles/cmTC_a0781.dir/CMakeCCompilerABI.c.'
Linking C executable cmTC_a0781
/home/rob/.local/share/JetBrains/Toolbox/apps/CLion/ch-0/223.7571.171/bin/cmake/linux/bin/cmake -E cmake_link_script CMakeFiles/cmTC_a0781.dir/link.txt --verbose=1
/usr/bin/cc  -v CMakeFiles/cmTC_a0781.dir/CMakeCCompilerABI.c.o -o cmTC_a0781 
Using built-in specs.
COLLECT_GCC=/usr/bin/cc
COLLECT_LTO_WRAPPER=/usr/libexec/gcc/x86_64-pc-linux-gnu/11.3.0/lto-wrapper
Target: x86_64-pc-linux-gnu
Configured with: /var/tmp/portage/sys-devel/gcc-11.3.0/work/gcc-11.3.0/configure --host=x86_64-pc-linux-gnu --build=x86_64-pc-linux-gnu --prefix=/usr --bindir=/usr/x86_64-pc-linux-gnu/gcc-bin/11.3.0 --includedir=/usr/lib/gcc/x86_64-pc-linux-gnu/11.3.0/include --datadir=/usr/share/gcc-data/x86_64-pc-linux-gnu/11.3.0 --mandir=/usr/share/gcc-data/x86_64-pc-linux-gnu/11.3.0/man --infodir=/usr/share/gcc-data/x86_64-pc-linux-gnu/11.3.0/info --with-gxx-include-dir=/usr/lib/gcc/x86_64-pc-linux-gnu/11.3.0/include/g++-v11 --with-python-dir=/share/gcc-data/x86_64-pc-linux-gnu/11.3.0/python --enable-languages=c,c++,fortran --enable-obsolete --enable-secureplt --disable-werror --with-system-zlib --enable-nls --without-included-gettext --disable-libunwind-exceptions --enable-checking=release --with-bugurl=https://bugs.gentoo.org/ --with-pkgversion='Gentoo Hardened 11.3.0 p7' --enable-esp --enable-libstdcxx-time --disable-libstdcxx-pch --enable-shared --enable-threads=posix --enable-__cxa_atexit --enable-clocale=gnu --enable-multilib --with-multilib-list=m32,m64 --disable-fixed-point --enable-targets=all --enable-libgomp --disable-libssp --disable-libada --disable-cet --disable-systemtap --disable-valgrind-annotations --disable-vtable-verify --disable-libvtv --without-zstd --enable-lto --without-isl --enable-default-pie --enable-default-ssp --with-build-config=bootstrap-lto
Thread model: posix
Supported LTO compression algorithms: zlib
gcc version 11.3.0 (Gentoo Hardened 11.3.0 p7) 
COMPILER_PATH=/usr/libexec/gcc/x86_64-pc-linux-gnu/11.3.0/:/usr/libexec/gcc/x86_64-pc-linux-gnu/11.3.0/:/usr/libexec/gcc/x86_64-pc-linux-gnu/:/usr/lib/gcc/x86_64-pc-linux-gnu/11.3.0/:/usr/lib/gcc/x86_64-pc-linux-gnu/:/usr/lib/gcc/x86_64-pc-linux-gnu/11.3.0/../../../../x86_64-pc-linux-gnu/bin/
LIBRARY_PATH=/usr/lib/gcc/x86_64-pc-linux-gnu/11.3.0/:/usr/lib/gcc/x86_64-pc-linux-gnu/11.3.0/../../../../lib64/:/lib/../lib64/:/usr/lib/../lib64/:/usr/lib/gcc/x86_64-pc-linux-gnu/11.3.0/../../../../x86_64-pc-linux-gnu/lib/:/usr/lib/gcc/x86_64-pc-linux-gnu/11.3.0/../../../:/lib/:/usr/lib/
COLLECT_GCC_OPTIONS='-v' '-o' 'cmTC_a0781' '-mtune=generic' '-march=x86-64' '-dumpdir' 'cmTC_a0781.'
 /usr/libexec/gcc/x86_64-pc-linux-gnu/11.3.0/collect2 -plugin /usr/libexec/gcc/x86_64-pc-linux-gnu/11.3.0/liblto_plugin.so -plugin-opt=/usr/libexec/gcc/x86_64-pc-linux-gnu/11.3.0/lto-wrapper -plugin-opt=-fresolution=/tmp/ccBbfO0u.res -plugin-opt=-pass-through=-lgcc -plugin-opt=-pass-through=-lgcc_s -plugin-opt=-pass-through=-lc -plugin-opt=-pass-through=-lgcc -plugin-opt=-pass-through=-lgcc_s --eh-frame-hdr -m elf_x86_64 -dynamic-linker /lib64/ld-linux-x86-64.so.2 -pie -z now -o cmTC_a0781 /usr/lib/gcc/x86_64-pc-linux-gnu/11.3.0/../../../../lib64/Scrt1.o /usr/lib/gcc/x86_64-pc-linux-gnu/11.3.0/../../../../lib64/crti.o /usr/lib/gcc/x86_64-pc-linux-gnu/11.3.0/crtbeginS.o -L/usr/lib/gcc/x86_64-pc-linux-gnu/11.3.0 -L/usr/lib/gcc/x86_64-pc-linux-gnu/11.3.0/../../../../lib64 -L/lib/../lib64 -L/usr/lib/../lib64 -L/usr/lib/gcc/x86_64-pc-linux-gnu/11.3.0/../../../../x86_64-pc-linux-gnu/lib -L/usr/lib/gcc/x86_64-pc-linux-gnu/11.3.0/../../.. CMakeFiles/cmTC_a0781.dir/CMakeCCompilerABI.c.o -lgcc --push-state --as-needed -lgcc_s --pop-state -lc -lgcc --push-state --as-needed -lgcc_s --pop-state /usr/lib/gcc/x86_64-pc-linux-gnu/11.3.0/crtendS.o /usr/lib/gcc/x86_64-pc-linux-gnu/11.3.0/../../../../lib64/crtn.o
COLLECT_GCC_OPTIONS='-v' '-o' 'cmTC_a0781' '-mtune=generic' '-march=x86-64' '-dumpdir' 'cmTC_a0781.'
gmake[1]: Leaving directory '/home/rob/Programming/c/CPlusPlus/cmake-build-debug/CMakeFiles/CMakeTmp'



Parsed C implicit include dir info from above output: rv=done
  found start of include info
  found start of implicit include info
    add: [/usr/lib/gcc/x86_64-pc-linux-gnu/11.3.0/include]
    add: [/usr/lib/gcc/x86_64-pc-linux-gnu/11.3.0/include-fixed]
    add: [/usr/include]
  end of search list found
  collapse include dir [/usr/lib/gcc/x86_64-pc-linux-gnu/11.3.0/include] ==> [/usr/lib/gcc/x86_64-pc-linux-gnu/11.3.0/include]
  collapse include dir [/usr/lib/gcc/x86_64-pc-linux-gnu/11.3.0/include-fixed] ==> [/usr/lib/gcc/x86_64-pc-linux-gnu/11.3.0/include-fixed]
  collapse include dir [/usr/include] ==> [/usr/include]
  implicit include dirs: [/usr/lib/gcc/x86_64-pc-linux-gnu/11.3.0/include;/usr/lib/gcc/x86_64-pc-linux-gnu/11.3.0/include-fixed;/usr/include]


Parsed C implicit link information from above output:
  link line regex: [^( *|.*[/\])(ld|CMAKE_LINK_STARTFILE-NOTFOUND|([^/\]+-)?ld|collect2)[^/\]*( |$)]
  ignore line: [Change Dir: /home/rob/Programming/c/CPlusPlus/cmake-build-debug/CMakeFiles/CMakeTmp]
  ignore line: []
  ignore line: [Run Build Command(s):/usr/bin/gmake -f Makefile cmTC_a0781/fast && /usr/bin/gmake  -f CMakeFiles/cmTC_a0781.dir/build.make CMakeFiles/cmTC_a0781.dir/build]
  ignore line: [gmake[1]: Entering directory '/home/rob/Programming/c/CPlusPlus/cmake-build-debug/CMakeFiles/CMakeTmp']
  ignore line: [Building C object CMakeFiles/cmTC_a0781.dir/CMakeCCompilerABI.c.o]
  ignore line: [/usr/bin/cc   -fdiagnostics-color=always   -v -o CMakeFiles/cmTC_a0781.dir/CMakeCCompilerABI.c.o -c /home/rob/.local/share/JetBrains/Toolbox/apps/CLion/ch-0/223.7571.171/bin/cmake/linux/share/cmake-3.24/Modules/CMakeCCompilerABI.c]
  ignore line: [Using built-in specs.]
  ignore line: [COLLECT_GCC=/usr/bin/cc]
  ignore line: [Target: x86_64-pc-linux-gnu]
  ignore line: [Configured with: /var/tmp/portage/sys-devel/gcc-11.3.0/work/gcc-11.3.0/configure --host=x86_64-pc-linux-gnu --build=x86_64-pc-linux-gnu --prefix=/usr --bindir=/usr/x86_64-pc-linux-gnu/gcc-bin/11.3.0 --includedir=/usr/lib/gcc/x86_64-pc-linux-gnu/11.3.0/include --datadir=/usr/share/gcc-data/x86_64-pc-linux-gnu/11.3.0 --mandir=/usr/share/gcc-data/x86_64-pc-linux-gnu/11.3.0/man --infodir=/usr/share/gcc-data/x86_64-pc-linux-gnu/11.3.0/info --with-gxx-include-dir=/usr/lib/gcc/x86_64-pc-linux-gnu/11.3.0/include/g++-v11 --with-python-dir=/share/gcc-data/x86_64-pc-linux-gnu/11.3.0/python --enable-languages=c c++ fortran --enable-obsolete --enable-secureplt --disable-werror --with-system-zlib --enable-nls --without-included-gettext --disable-libunwind-exceptions --enable-checking=release --with-bugurl=https://bugs.gentoo.org/ --with-pkgversion='Gentoo Hardened 11.3.0 p7' --enable-esp --enable-libstdcxx-time --disable-libstdcxx-pch --enable-shared --enable-threads=posix --enable-__cxa_atexit --enable-clocale=gnu --enable-multilib --with-multilib-list=m32 m64 --disable-fixed-point --enable-targets=all --enable-libgomp --disable-libssp --disable-libada --disable-cet --disable-systemtap --disable-valgrind-annotations --disable-vtable-verify --disable-libvtv --without-zstd --enable-lto --without-isl --enable-default-pie --enable-default-ssp --with-build-config=bootstrap-lto]
  ignore line: [Thread model: posix]
  ignore line: [Supported LTO compression algorithms: zlib]
  ignore line: [gcc version 11.3.0 (Gentoo Hardened 11.3.0 p7) ]
  ignore line: [COLLECT_GCC_OPTIONS='-fdiagnostics-color=always' '-v' '-o' 'CMakeFiles/cmTC_a0781.dir/CMakeCCompilerABI.c.o' '-c' '-mtune=generic' '-march=x86-64' '-dumpdir' 'CMakeFiles/cmTC_a0781.dir/']
  ignore line: [ /usr/libexec/gcc/x86_64-pc-linux-gnu/11.3.0/cc1 -quiet -v /home/rob/.local/share/JetBrains/Toolbox/apps/CLion/ch-0/223.7571.171/bin/cmake/linux/share/cmake-3.24/Modules/CMakeCCompilerABI.c -quiet -dumpdir CMakeFiles/cmTC_a0781.dir/ -dumpbase CMakeCCompilerABI.c.c -dumpbase-ext .c -mtune=generic -march=x86-64 -version -fdiagnostics-color=always -o /tmp/ccXq5Wt0.s]
  ignore line: [GNU C17 (Gentoo Hardened 11.3.0 p7) version 11.3.0 (x86_64-pc-linux-gnu)]
  ignore line: [	compiled by GNU C version 11.3.0  GMP version 6.2.1  MPFR version 4.1.0-p13  MPC version 1.2.1  isl version none]
  ignore line: [GGC heuristics: --param ggc-min-expand=100 --param ggc-min-heapsize=131072]
  ignore line: [ignoring nonexistent directory "/usr/local/include"]
  ignore line: [ignoring nonexistent directory "/usr/lib/gcc/x86_64-pc-linux-gnu/11.3.0/../../../../x86_64-pc-linux-gnu/include"]
  ignore line: [#include "..." search starts here:]
  ignore line: [#include <...> search starts here:]
  ignore line: [ /usr/lib/gcc/x86_64-pc-linux-gnu/11.3.0/include]
  ignore line: [ /usr/lib/gcc/x86_64-pc-linux-gnu/11.3.0/include-fixed]
  ignore line: [ /usr/include]
  ignore line: [End of search list.]
  ignore line: [GNU C17 (Gentoo Hardened 11.3.0 p7) version 11.3.0 (x86_64-pc-linux-gnu)]
  ignore line: [	compiled by GNU C version 11.3.0  GMP version 6.2.1  MPFR version 4.1.0-p13  MPC version 1.2.1  isl version none]
  ignore line: [GGC heuristics: --param ggc-min-expand=100 --param ggc-min-heapsize=131072]
  ignore line: [Compiler executable checksum: 7110dc9dbb232ab76db9ef4cf79c3ae2]
  ignore line: [COLLECT_GCC_OPTIONS='-fdiagnostics-color=always' '-v' '-o' 'CMakeFiles/cmTC_a0781.dir/CMakeCCompilerABI.c.o' '-c' '-mtune=generic' '-march=x86-64' '-dumpdir' 'CMakeFiles/cmTC_a0781.dir/']
  ignore line: [ /usr/lib/gcc/x86_64-pc-linux-gnu/11.3.0/../../../../x86_64-pc-linux-gnu/bin/as -v --64 -o CMakeFiles/cmTC_a0781.dir/CMakeCCompilerABI.c.o /tmp/ccXq5Wt0.s]
  ignore line: [GNU assembler version 2.38 (x86_64-pc-linux-gnu) using BFD version (Gentoo 2.38 p4) 2.38]
  ignore line: [COMPILER_PATH=/usr/libexec/gcc/x86_64-pc-linux-gnu/11.3.0/:/usr/libexec/gcc/x86_64-pc-linux-gnu/11.3.0/:/usr/libexec/gcc/x86_64-pc-linux-gnu/:/usr/lib/gcc/x86_64-pc-linux-gnu/11.3.0/:/usr/lib/gcc/x86_64-pc-linux-gnu/:/usr/lib/gcc/x86_64-pc-linux-gnu/11.3.0/../../../../x86_64-pc-linux-gnu/bin/]
  ignore line: [LIBRARY_PATH=/usr/lib/gcc/x86_64-pc-linux-gnu/11.3.0/:/usr/lib/gcc/x86_64-pc-linux-gnu/11.3.0/../../../../lib64/:/lib/../lib64/:/usr/lib/../lib64/:/usr/lib/gcc/x86_64-pc-linux-gnu/11.3.0/../../../../x86_64-pc-linux-gnu/lib/:/usr/lib/gcc/x86_64-pc-linux-gnu/11.3.0/../../../:/lib/:/usr/lib/]
  ignore line: [COLLECT_GCC_OPTIONS='-fdiagnostics-color=always' '-v' '-o' 'CMakeFiles/cmTC_a0781.dir/CMakeCCompilerABI.c.o' '-c' '-mtune=generic' '-march=x86-64' '-dumpdir' 'CMakeFiles/cmTC_a0781.dir/CMakeCCompilerABI.c.']
  ignore line: [Linking C executable cmTC_a0781]
  ignore line: [/home/rob/.local/share/JetBrains/Toolbox/apps/CLion/ch-0/223.7571.171/bin/cmake/linux/bin/cmake -E cmake_link_script CMakeFiles/cmTC_a0781.dir/link.txt --verbose=1]
  ignore line: [/usr/bin/cc  -v CMakeFiles/cmTC_a0781.dir/CMakeCCompilerABI.c.o -o cmTC_a0781 ]
  ignore line: [Using built-in specs.]
  ignore line: [COLLECT_GCC=/usr/bin/cc]
  ignore line: [COLLECT_LTO_WRAPPER=/usr/libexec/gcc/x86_64-pc-linux-gnu/11.3.0/lto-wrapper]
  ignore line: [Target: x86_64-pc-linux-gnu]
  ignore line: [Configured with: /var/tmp/portage/sys-devel/gcc-11.3.0/work/gcc-11.3.0/configure --host=x86_64-pc-linux-gnu --build=x86_64-pc-linux-gnu --prefix=/usr --bindir=/usr/x86_64-pc-linux-gnu/gcc-bin/11.3.0 --includedir=/usr/lib/gcc/x86_64-pc-linux-gnu/11.3.0/include --datadir=/usr/share/gcc-data/x86_64-pc-linux-gnu/11.3.0 --mandir=/usr/share/gcc-data/x86_64-pc-linux-gnu/11.3.0/man --infodir=/usr/share/gcc-data/x86_64-pc-linux-gnu/11.3.0/info --with-gxx-include-dir=/usr/lib/gcc/x86_64-pc-linux-gnu/11.3.0/include/g++-v11 --with-python-dir=/share/gcc-data/x86_64-pc-linux-gnu/11.3.0/python --enable-languages=c c++ fortran --enable-obsolete --enable-secureplt --disable-werror --with-system-zlib --enable-nls --without-included-gettext --disable-libunwind-exceptions --enable-checking=release --with-bugurl=https://bugs.gentoo.org/ --with-pkgversion='Gentoo Hardened 11.3.0 p7' --enable-esp --enable-libstdcxx-time --disable-libstdcxx-pch --enable-shared --enable-threads=posix --enable-__cxa_atexit --enable-clocale=gnu --enable-multilib --with-multilib-list=m32 m64 --disable-fixed-point --enable-targets=all --enable-libgomp --disable-libssp --disable-libada --disable-cet --disable-systemtap --disable-valgrind-annotations --disable-vtable-verify --disable-libvtv --without-zstd --enable-lto --without-isl --enable-default-pie --enable-default-ssp --with-build-config=bootstrap-lto]
  ignore line: [Thread model: posix]
  ignore line: [Supported LTO compression algorithms: zlib]
  ignore line: [gcc version 11.3.0 (Gentoo Hardened 11.3.0 p7) ]
  ignore line: [COMPILER_PATH=/usr/libexec/gcc/x86_64-pc-linux-gnu/11.3.0/:/usr/libexec/gcc/x86_64-pc-linux-gnu/11.3.0/:/usr/libexec/gcc/x86_64-pc-linux-gnu/:/usr/lib/gcc/x86_64-pc-linux-gnu/11.3.0/:/usr/lib/gcc/x86_64-pc-linux-gnu/:/usr/lib/gcc/x86_64-pc-linux-gnu/11.3.0/../../../../x86_64-pc-linux-gnu/bin/]
  ignore line: [LIBRARY_PATH=/usr/lib/gcc/x86_64-pc-linux-gnu/11.3.0/:/usr/lib/gcc/x86_64-pc-linux-gnu/11.3.0/../../../../lib64/:/lib/../lib64/:/usr/lib/../lib64/:/usr/lib/gcc/x86_64-pc-linux-gnu/11.3.0/../../../../x86_64-pc-linux-gnu/lib/:/usr/lib/gcc/x86_64-pc-linux-gnu/11.3.0/../../../:/lib/:/usr/lib/]
  ignore line: [COLLECT_GCC_OPTIONS='-v' '-o' 'cmTC_a0781' '-mtune=generic' '-march=x86-64' '-dumpdir' 'cmTC_a0781.']
  link line: [ /usr/libexec/gcc/x86_64-pc-linux-gnu/11.3.0/collect2 -plugin /usr/libexec/gcc/x86_64-pc-linux-gnu/11.3.0/liblto_plugin.so -plugin-opt=/usr/libexec/gcc/x86_64-pc-linux-gnu/11.3.0/lto-wrapper -plugin-opt=-fresolution=/tmp/ccBbfO0u.res -plugin-opt=-pass-through=-lgcc -plugin-opt=-pass-through=-lgcc_s -plugin-opt=-pass-through=-lc -plugin-opt=-pass-through=-lgcc -plugin-opt=-pass-through=-lgcc_s --eh-frame-hdr -m elf_x86_64 -dynamic-linker /lib64/ld-linux-x86-64.so.2 -pie -z now -o cmTC_a0781 /usr/lib/gcc/x86_64-pc-linux-gnu/11.3.0/../../../../lib64/Scrt1.o /usr/lib/gcc/x86_64-pc-linux-gnu/11.3.0/../../../../lib64/crti.o /usr/lib/gcc/x86_64-pc-linux-gnu/11.3.0/crtbeginS.o -L/usr/lib/gcc/x86_64-pc-linux-gnu/11.3.0 -L/usr/lib/gcc/x86_64-pc-linux-gnu/11.3.0/../../../../lib64 -L/lib/../lib64 -L/usr/lib/../lib64 -L/usr/lib/gcc/x86_64-pc-linux-gnu/11.3.0/../../../../x86_64-pc-linux-gnu/lib -L/usr/lib/gcc/x86_64-pc-linux-gnu/11.3.0/../../.. CMakeFiles/cmTC_a0781.dir/CMakeCCompilerABI.c.o -lgcc --push-state --as-needed -lgcc_s --pop-state -lc -lgcc --push-state --as-needed -lgcc_s --pop-state /usr/lib/gcc/x86_64-pc-linux-gnu/11.3.0/crtendS.o /usr/lib/gcc/x86_64-pc-linux-gnu/11.3.0/../../../../lib64/crtn.o]
    arg [/usr/libexec/gcc/x86_64-pc-linux-gnu/11.3.0/collect2] ==> ignore
    arg [-plugin] ==> ignore
    arg [/usr/libexec/gcc/x86_64-pc-linux-gnu/11.3.0/liblto_plugin.so] ==> ignore
    arg [-plugin-opt=/usr/libexec/gcc/x86_64-pc-linux-gnu/11.3.0/lto-wrapper] ==> ignore
    arg [-plugin-opt=-fresolution=/tmp/ccBbfO0u.res] ==> ignore
    arg [-plugin-opt=-pass-through=-lgcc] ==> ignore
    arg [-plugin-opt=-pass-through=-lgcc_s] ==> ignore
    arg [-plugin-opt=-pass-through=-lc] ==> ignore
    arg [-plugin-opt=-pass-through=-lgcc] ==> ignore
    arg [-plugin-opt=-pass-through=-lgcc_s] ==> ignore
    arg [--eh-frame-hdr] ==> ignore
    arg [-m] ==> ignore
    arg [elf_x86_64] ==> ignore
    arg [-dynamic-linker] ==> ignore
    arg [/lib64/ld-linux-x86-64.so.2] ==> ignore
    arg [-pie] ==> ignore
    arg [-znow] ==> ignore
    arg [-o] ==> ignore
    arg [cmTC_a0781] ==> ignore
    arg [/usr/lib/gcc/x86_64-pc-linux-gnu/11.3.0/../../../../lib64/Scrt1.o] ==> obj [/usr/lib/gcc/x86_64-pc-linux-gnu/11.3.0/../../../../lib64/Scrt1.o]
    arg [/usr/lib/gcc/x86_64-pc-linux-gnu/11.3.0/../../../../lib64/crti.o] ==> obj [/usr/lib/gcc/x86_64-pc-linux-gnu/11.3.0/../../../../lib64/crti.o]
    arg [/usr/lib/gcc/x86_64-pc-linux-gnu/11.3.0/crtbeginS.o] ==> obj [/usr/lib/gcc/x86_64-pc-linux-gnu/11.3.0/crtbeginS.o]
    arg [-L/usr/lib/gcc/x86_64-pc-linux-gnu/11.3.0] ==> dir [/usr/lib/gcc/x86_64-pc-linux-gnu/11.3.0]
    arg [-L/usr/lib/gcc/x86_64-pc-linux-gnu/11.3.0/../../../../lib64] ==> dir [/usr/lib/gcc/x86_64-pc-linux-gnu/11.3.0/../../../../lib64]
    arg [-L/lib/../lib64] ==> dir [/lib/../lib64]
    arg [-L/usr/lib/../lib64] ==> dir [/usr/lib/../lib64]
    arg [-L/usr/lib/gcc/x86_64-pc-linux-gnu/11.3.0/../../../../x86_64-pc-linux-gnu/lib] ==> dir [/usr/lib/gcc/x86_64-pc-linux-gnu/11.3.0/../../../../x86_64-pc-linux-gnu/lib]
    arg [-L/usr/lib/gcc/x86_64-pc-linux-gnu/11.3.0/../../..] ==> dir [/usr/lib/gcc/x86_64-pc-linux-gnu/11.3.0/../../..]
    arg [CMakeFiles/cmTC_a0781.dir/CMakeCCompilerABI.c.o] ==> ignore
    arg [-lgcc] ==> lib [gcc]
    arg [--push-state] ==> ignore
    arg [--as-needed] ==> ignore
    arg [-lgcc_s] ==> lib [gcc_s]
    arg [--pop-state] ==> ignore
    arg [-lc] ==> lib [c]
    arg [-lgcc] ==> lib [gcc]
    arg [--push-state] ==> ignore
    arg [--as-needed] ==> ignore
    arg [-lgcc_s] ==> lib [gcc_s]
    arg [--pop-state] ==> ignore
    arg [/usr/lib/gcc/x86_64-pc-linux-gnu/11.3.0/crtendS.o] ==> obj [/usr/lib/gcc/x86_64-pc-linux-gnu/11.3.0/crtendS.o]
    arg [/usr/lib/gcc/x86_64-pc-linux-gnu/11.3.0/../../../../lib64/crtn.o] ==> obj [/usr/lib/gcc/x86_64-pc-linux-gnu/11.3.0/../../../../lib64/crtn.o]
  collapse obj [/usr/lib/gcc/x86_64-pc-linux-gnu/11.3.0/../../../../lib64/Scrt1.o] ==> [/usr/lib64/Scrt1.o]
  collapse obj [/usr/lib/gcc/x86_64-pc-linux-gnu/11.3.0/../../../../lib64/crti.o] ==> [/usr/lib64/crti.o]
  collapse obj [/usr/lib/gcc/x86_64-pc-linux-gnu/11.3.0/../../../../lib64/crtn.o] ==> [/usr/lib64/crtn.o]
  collapse library dir [/usr/lib/gcc/x86_64-pc-linux-gnu/11.3.0] ==> [/usr/lib/gcc/x86_64-pc-linux-gnu/11.3.0]
  collapse library dir [/usr/lib/gcc/x86_64-pc-linux-gnu/11.3.0/../../../../lib64] ==> [/usr/lib64]
  collapse library dir [/lib/../lib64] ==> [/lib64]
  collapse library dir [/usr/lib/../lib64] ==> [/usr/lib64]
  collapse library dir [/usr/lib/gcc/x86_64-pc-linux-gnu/11.3.0/../../../../x86_64-pc-linux-gnu/lib] ==> [/usr/x86_64-pc-linux-gnu/lib]
  collapse library dir [/usr/lib/gcc/x86_64-pc-linux-gnu/11.3.0/../../..] ==> [/usr/lib]
  implicit libs: [gcc;gcc_s;c;gcc;gcc_s]
  implicit objs: [/usr/lib64/Scrt1.o;/usr/lib64/crti.o;/usr/lib/gcc/x86_64-pc-linux-gnu/11.3.0/crtbeginS.o;/usr/lib/gcc/x86_64-pc-linux-gnu/11.3.0/crtendS.o;/usr/lib64/crtn.o]
  implicit dirs: [/usr/lib/gcc/x86_64-pc-linux-gnu/11.3.0;/usr/lib64;/lib64;/usr/x86_64-pc-linux-gnu/lib;/usr/lib]
  implicit fwks: []


Detecting CXX compiler ABI info compiled with the following output:
Change Dir: /home/rob/Programming/c/CPlusPlus/cmake-build-debug/CMakeFiles/CMakeTmp

Run Build Command(s):/usr/bin/gmake -f Makefile cmTC_12acc/fast && /usr/bin/gmake  -f CMakeFiles/cmTC_12acc.dir/build.make CMakeFiles/cmTC_12acc.dir/build
gmake[1]: Entering directory '/home/rob/Programming/c/CPlusPlus/cmake-build-debug/CMakeFiles/CMakeTmp'
Building CXX object CMakeFiles/cmTC_12acc.dir/CMakeCXXCompilerABI.cpp.o
/usr/bin/c++   -fdiagnostics-color=always   -v -o CMakeFiles/cmTC_12acc.dir/CMakeCXXCompilerABI.cpp.o -c /home/rob/.local/share/JetBrains/Toolbox/apps/CLion/ch-0/223.7571.171/bin/cmake/linux/share/cmake-3.24/Modules/CMakeCXXCompilerABI.cpp
Using built-in specs.
COLLECT_GCC=/usr/bin/c++
Target: x86_64-pc-linux-gnu
Configured with: /var/tmp/portage/sys-devel/gcc-11.3.0/work/gcc-11.3.0/configure --host=x86_64-pc-linux-gnu --build=x86_64-pc-linux-gnu --prefix=/usr --bindir=/usr/x86_64-pc-linux-gnu/gcc-bin/11.3.0 --includedir=/usr/lib/gcc/x86_64-pc-linux-gnu/11.3.0/include --datadir=/usr/share/gcc-data/x86_64-pc-linux-gnu/11.3.0 --mandir=/usr/share/gcc-data/x86_64-pc-linux-gnu/11.3.0/man --infodir=/usr/share/gcc-data/x86_64-pc-linux-gnu/11.3.0/info --with-gxx-include-dir=/usr/lib/gcc/x86_64-pc-linux-gnu/11.3.0/include/g++-v11 --with-python-dir=/share/gcc-data/x86_64-pc-linux-gnu/11.3.0/python --enable-languages=c,c++,fortran --enable-obsolete --enable-secureplt --disable-werror --with-system-zlib --enable-nls --without-included-gettext --disable-libunwind-exceptions --enable-checking=release --with-bugurl=https://bugs.gentoo.org/ --with-pkgversion='Gentoo Hardened 11.3.0 p7' --enable-esp --enable-libstdcxx-time --disable-libstdcxx-pch --enable-shared --enable-threads=posix --enable-__cxa_atexit --enable-clocale=gnu --enable-multilib --with-multilib-list=m32,m64 --disable-fixed-point --enable-targets=all --enable-libgomp --disable-libssp --disable-libada --disable-cet --disable-systemtap --disable-valgrind-annotations --disable-vtable-verify --disable-libvtv --without-zstd --enable-lto --without-isl --enable-default-pie --enable-default-ssp --with-build-config=bootstrap-lto
Thread model: posix
Supported LTO compression algorithms: zlib
gcc version 11.3.0 (Gentoo Hardened 11.3.0 p7) 
COLLECT_GCC_OPTIONS='-fdiagnostics-color=always' '-v' '-o' 'CMakeFiles/cmTC_12acc.dir/CMakeCXXCompilerABI.cpp.o' '-c' '-shared-libgcc' '-mtune=generic' '-march=x86-64' '-dumpdir' 'CMakeFiles/cmTC_12acc.dir/'
 /usr/libexec/gcc/x86_64-pc-linux-gnu/11.3.0/cc1plus -quiet -v -D_GNU_SOURCE /home/rob/.local/share/JetBrains/Toolbox/apps/CLion/ch-0/223.7571.171/bin/cmake/linux/share/cmake-3.24/Modules/CMakeCXXCompilerABI.cpp -quiet -dumpdir CMakeFiles/cmTC_12acc.dir/ -dumpbase CMakeCXXCompilerABI.cpp.cpp -dumpbase-ext .cpp -mtune=generic -march=x86-64 -version -fdiagnostics-color=always -o /tmp/ccxbbbza.s
GNU C++17 (Gentoo Hardened 11.3.0 p7) version 11.3.0 (x86_64-pc-linux-gnu)
	compiled by GNU C version 11.3.0, GMP version 6.2.1, MPFR version 4.1.0-p13, MPC version 1.2.1, isl version none
GGC heuristics: --param ggc-min-expand=100 --param ggc-min-heapsize=131072
ignoring nonexistent directory "/usr/local/include"
ignoring nonexistent directory "/usr/lib/gcc/x86_64-pc-linux-gnu/11.3.0/../../../../x86_64-pc-linux-gnu/include"
#include "..." search starts here:
#include <...> search starts here:
 /usr/lib/gcc/x86_64-pc-linux-gnu/11.3.0/include/g++-v11
 /usr/lib/gcc/x86_64-pc-linux-gnu/11.3.0/include/g++-v11/x86_64-pc-linux-gnu
 /usr/lib/gcc/x86_64-pc-linux-gnu/11.3.0/include/g++-v11/backward
 /usr/lib/gcc/x86_64-pc-linux-gnu/11.3.0/include
 /usr/lib/gcc/x86_64-pc-linux-gnu/11.3.0/include-fixed
 /usr/include
End of search list.
GNU C++17 (Gentoo Hardened 11.3.0 p7) version 11.3.0 (x86_64-pc-linux-gnu)
	compiled by GNU C version 11.3.0, GMP version 6.2.1, MPFR version 4.1.0-p13, MPC version 1.2.1, isl version none
GGC heuristics: --param ggc-min-expand=100 --param ggc-min-heapsize=131072
Compiler executable checksum: 2fbb18dc03e36114da64245123fc8421
COLLECT_GCC_OPTIONS='-fdiagnostics-color=always' '-v' '-o' 'CMakeFiles/cmTC_12acc.dir/CMakeCXXCompilerABI.cpp.o' '-c' '-shared-libgcc' '-mtune=generic' '-march=x86-64' '-dumpdir' 'CMakeFiles/cmTC_12acc.dir/'
 /usr/lib/gcc/x86_64-pc-linux-gnu/11.3.0/../../../../x86_64-pc-linux-gnu/bin/as -v --64 -o CMakeFiles/cmTC_12acc.dir/CMakeCXXCompilerABI.cpp.o /tmp/ccxbbbza.s
GNU assembler version 2.38 (x86_64-pc-linux-gnu) using BFD version (Gentoo 2.38 p4) 2.38
COMPILER_PATH=/usr/libexec/gcc/x86_64-pc-linux-gnu/11.3.0/:/usr/libexec/gcc/x86_64-pc-linux-gnu/11.3.0/:/usr/libexec/gcc/x86_64-pc-linux-gnu/:/usr/lib/gcc/x86_64-pc-linux-gnu/11.3.0/:/usr/lib/gcc/x86_64-pc-linux-gnu/:/usr/lib/gcc/x86_64-pc-linux-gnu/11.3.0/../../../../x86_64-pc-linux-gnu/bin/
LIBRARY_PATH=/usr/lib/gcc/x86_64-pc-linux-gnu/11.3.0/:/usr/lib/gcc/x86_64-pc-linux-gnu/11.3.0/../../../../lib64/:/lib/../lib64/:/usr/lib/../lib64/:/usr/lib/gcc/x86_64-pc-linux-gnu/11.3.0/../../../../x86_64-pc-linux-gnu/lib/:/usr/lib/gcc/x86_64-pc-linux-gnu/11.3.0/../../../:/lib/:/usr/lib/
COLLECT_GCC_OPTIONS='-fdiagnostics-color=always' '-v' '-o' 'CMakeFiles/cmTC_12acc.dir/CMakeCXXCompilerABI.cpp.o' '-c' '-shared-libgcc' '-mtune=generic' '-march=x86-64' '-dumpdir' 'CMakeFiles/cmTC_12acc.dir/CMakeCXXCompilerABI.cpp.'
Linking CXX executable cmTC_12acc
/home/rob/.local/share/JetBrains/Toolbox/apps/CLion/ch-0/223.7571.171/bin/cmake/linux/bin/cmake -E cmake_link_script CMakeFiles/cmTC_12acc.dir/link.txt --verbose=1
/usr/bin/c++  -v CMakeFiles/cmTC_12acc.dir/CMakeCXXCompilerABI.cpp.o -o cmTC_12acc 
Using built-in specs.
COLLECT_GCC=/usr/bin/c++
COLLECT_LTO_WRAPPER=/usr/libexec/gcc/x86_64-pc-linux-gnu/11.3.0/lto-wrapper
Target: x86_64-pc-linux-gnu
Configured with: /var/tmp/portage/sys-devel/gcc-11.3.0/work/gcc-11.3.0/configure --host=x86_64-pc-linux-gnu --build=x86_64-pc-linux-gnu --prefix=/usr --bindir=/usr/x86_64-pc-linux-gnu/gcc-bin/11.3.0 --includedir=/usr/lib/gcc/x86_64-pc-linux-gnu/11.3.0/include --datadir=/usr/share/gcc-data/x86_64-pc-linux-gnu/11.3.0 --mandir=/usr/share/gcc-data/x86_64-pc-linux-gnu/11.3.0/man --infodir=/usr/share/gcc-data/x86_64-pc-linux-gnu/11.3.0/info --with-gxx-include-dir=/usr/lib/gcc/x86_64-pc-linux-gnu/11.3.0/include/g++-v11 --with-python-dir=/share/gcc-data/x86_64-pc-linux-gnu/11.3.0/python --enable-languages=c,c++,fortran --enable-obsolete --enable-secureplt --disable-werror --with-system-zlib --enable-nls --without-included-gettext --disable-libunwind-exceptions --enable-checking=release --with-bugurl=https://bugs.gentoo.org/ --with-pkgversion='Gentoo Hardened 11.3.0 p7' --enable-esp --enable-libstdcxx-time --disable-libstdcxx-pch --enable-shared --enable-threads=posix --enable-__cxa_atexit --enable-clocale=gnu --enable-multilib --with-multilib-list=m32,m64 --disable-fixed-point --enable-targets=all --enable-libgomp --disable-libssp --disable-libada --disable-cet --disable-systemtap --disable-valgrind-annotations --disable-vtable-verify --disable-libvtv --without-zstd --enable-lto --without-isl --enable-default-pie --enable-default-ssp --with-build-config=bootstrap-lto
Thread model: posix
Supported LTO compression algorithms: zlib
gcc version 11.3.0 (Gentoo Hardened 11.3.0 p7) 
COMPILER_PATH=/usr/libexec/gcc/x86_64-pc-linux-gnu/11.3.0/:/usr/libexec/gcc/x86_64-pc-linux-gnu/11.3.0/:/usr/libexec/gcc/x86_64-pc-linux-gnu/:/usr/lib/gcc/x86_64-pc-linux-gnu/11.3.0/:/usr/lib/gcc/x86_64-pc-linux-gnu/:/usr/lib/gcc/x86_64-pc-linux-gnu/11.3.0/../../../../x86_64-pc-linux-gnu/bin/
LIBRARY_PATH=/usr/lib/gcc/x86_64-pc-linux-gnu/11.3.0/:/usr/lib/gcc/x86_64-pc-linux-gnu/11.3.0/../../../../lib64/:/lib/../lib64/:/usr/lib/../lib64/:/usr/lib/gcc/x86_64-pc-linux-gnu/11.3.0/../../../../x86_64-pc-linux-gnu/lib/:/usr/lib/gcc/x86_64-pc-linux-gnu/11.3.0/../../../:/lib/:/usr/lib/
COLLECT_GCC_OPTIONS='-v' '-o' 'cmTC_12acc' '-shared-libgcc' '-mtune=generic' '-march=x86-64' '-dumpdir' 'cmTC_12acc.'
 /usr/libexec/gcc/x86_64-pc-linux-gnu/11.3.0/collect2 -plugin /usr/libexec/gcc/x86_64-pc-linux-gnu/11.3.0/liblto_plugin.so -plugin-opt=/usr/libexec/gcc/x86_64-pc-linux-gnu/11.3.0/lto-wrapper -plugin-opt=-fresolution=/tmp/ccYkG693.res -plugin-opt=-pass-through=-lgcc_s -plugin-opt=-pass-through=-lgcc -plugin-opt=-pass-through=-lc -plugin-opt=-pass-through=-lgcc_s -plugin-opt=-pass-through=-lgcc --eh-frame-hdr -m elf_x86_64 -dynamic-linker /lib64/ld-linux-x86-64.so.2 -pie -z now -o cmTC_12acc /usr/lib/gcc/x86_64-pc-linux-gnu/11.3.0/../../../../lib64/Scrt1.o /usr/lib/gcc/x86_64-pc-linux-gnu/11.3.0/../../../../lib64/crti.o /usr/lib/gcc/x86_64-pc-linux-gnu/11.3.0/crtbeginS.o -L/usr/lib/gcc/x86_64-pc-linux-gnu/11.3.0 -L/usr/lib/gcc/x86_64-pc-linux-gnu/11.3.0/../../../../lib64 -L/lib/../lib64 -L/usr/lib/../lib64 -L/usr/lib/gcc/x86_64-pc-linux-gnu/11.3.0/../../../../x86_64-pc-linux-gnu/lib -L/usr/lib/gcc/x86_64-pc-linux-gnu/11.3.0/../../.. CMakeFiles/cmTC_12acc.dir/CMakeCXXCompilerABI.cpp.o -lstdc++ -lm -lgcc_s -lgcc -lc -lgcc_s -lgcc /usr/lib/gcc/x86_64-pc-linux-gnu/11.3.0/crtendS.o /usr/lib/gcc/x86_64-pc-linux-gnu/11.3.0/../../../../lib64/crtn.o
COLLECT_GCC_OPTIONS='-v' '-o' 'cmTC_12acc' '-shared-libgcc' '-mtune=generic' '-march=x86-64' '-dumpdir' 'cmTC_12acc.'
gmake[1]: Leaving directory '/home/rob/Programming/c/CPlusPlus/cmake-build-debug/CMakeFiles/CMakeTmp'



Parsed CXX implicit include dir info from above output: rv=done
  found start of include info
  found start of implicit include info
    add: [/usr/lib/gcc/x86_64-pc-linux-gnu/11.3.0/include/g++-v11]
    add: [/usr/lib/gcc/x86_64-pc-linux-gnu/11.3.0/include/g++-v11/x86_64-pc-linux-gnu]
    add: [/usr/lib/gcc/x86_64-pc-linux-gnu/11.3.0/include/g++-v11/backward]
    add: [/usr/lib/gcc/x86_64-pc-linux-gnu/11.3.0/include]
    add: [/usr/lib/gcc/x86_64-pc-linux-gnu/11.3.0/include-fixed]
    add: [/usr/include]
  end of search list found
  collapse include dir [/usr/lib/gcc/x86_64-pc-linux-gnu/11.3.0/include/g++-v11] ==> [/usr/lib/gcc/x86_64-pc-linux-gnu/11.3.0/include/g++-v11]
  collapse include dir [/usr/lib/gcc/x86_64-pc-linux-gnu/11.3.0/include/g++-v11/x86_64-pc-linux-gnu] ==> [/usr/lib/gcc/x86_64-pc-linux-gnu/11.3.0/include/g++-v11/x86_64-pc-linux-gnu]
  collapse include dir [/usr/lib/gcc/x86_64-pc-linux-gnu/11.3.0/include/g++-v11/backward] ==> [/usr/lib/gcc/x86_64-pc-linux-gnu/11.3.0/include/g++-v11/backward]
  collapse include dir [/usr/lib/gcc/x86_64-pc-linux-gnu/11.3.0/include] ==> [/usr/lib/gcc/x86_64-pc-linux-gnu/11.3.0/include]
  collapse include dir [/usr/lib/gcc/x86_64-pc-linux-gnu/11.3.0/include-fixed] ==> [/usr/lib/gcc/x86_64-pc-linux-gnu/11.3.0/include-fixed]
  collapse include dir [/usr/include] ==> [/usr/include]
  implicit include dirs: [/usr/lib/gcc/x86_64-pc-linux-gnu/11.3.0/include/g++-v11;/usr/lib/gcc/x86_64-pc-linux-gnu/11.3.0/include/g++-v11/x86_64-pc-linux-gnu;/usr/lib/gcc/x86_64-pc-linux-gnu/11.3.0/include/g++-v11/backward;/usr/lib/gcc/x86_64-pc-linux-gnu/11.3.0/include;/usr/lib/gcc/x86_64-pc-linux-gnu/11.3.0/include-fixed;/usr/include]


Parsed CXX implicit link information from above output:
  link line regex: [^( *|.*[/\])(ld|CMAKE_LINK_STARTFILE-NOTFOUND|([^/\]+-)?ld|collect2)[^/\]*( |$)]
  ignore line: [Change Dir: /home/rob/Programming/c/CPlusPlus/cmake-build-debug/CMakeFiles/CMakeTmp]
  ignore line: []
  ignore line: [Run Build Command(s):/usr/bin/gmake -f Makefile cmTC_12acc/fast && /usr/bin/gmake  -f CMakeFiles/cmTC_12acc.dir/build.make CMakeFiles/cmTC_12acc.dir/build]
  ignore line: [gmake[1]: Entering directory '/home/rob/Programming/c/CPlusPlus/cmake-build-debug/CMakeFiles/CMakeTmp']
  ignore line: [Building CXX object CMakeFiles/cmTC_12acc.dir/CMakeCXXCompilerABI.cpp.o]
  ignore line: [/usr/bin/c++   -fdiagnostics-color=always   -v -o CMakeFiles/cmTC_12acc.dir/CMakeCXXCompilerABI.cpp.o -c /home/rob/.local/share/JetBrains/Toolbox/apps/CLion/ch-0/223.7571.171/bin/cmake/linux/share/cmake-3.24/Modules/CMakeCXXCompilerABI.cpp]
  ignore line: [Using built-in specs.]
  ignore line: [COLLECT_GCC=/usr/bin/c++]
  ignore line: [Target: x86_64-pc-linux-gnu]
  ignore line: [Configured with: /var/tmp/portage/sys-devel/gcc-11.3.0/work/gcc-11.3.0/configure --host=x86_64-pc-linux-gnu --build=x86_64-pc-linux-gnu --prefix=/usr --bindir=/usr/x86_64-pc-linux-gnu/gcc-bin/11.3.0 --includedir=/usr/lib/gcc/x86_64-pc-linux-gnu/11.3.0/include --datadir=/usr/share/gcc-data/x86_64-pc-linux-gnu/11.3.0 --mandir=/usr/share/gcc-data/x86_64-pc-linux-gnu/11.3.0/man --infodir=/usr/share/gcc-data/x86_64-pc-linux-gnu/11.3.0/info --with-gxx-include-dir=/usr/lib/gcc/x86_64-pc-linux-gnu/11.3.0/include/g++-v11 --with-python-dir=/share/gcc-data/x86_64-pc-linux-gnu/11.3.0/python --enable-languages=c c++ fortran --enable-obsolete --enable-secureplt --disable-werror --with-system-zlib --enable-nls --without-included-gettext --disable-libunwind-exceptions --enable-checking=release --with-bugurl=https://bugs.gentoo.org/ --with-pkgversion='Gentoo Hardened 11.3.0 p7' --enable-esp --enable-libstdcxx-time --disable-libstdcxx-pch --enable-shared --enable-threads=posix --enable-__cxa_atexit --enable-clocale=gnu --enable-multilib --with-multilib-list=m32 m64 --disable-fixed-point --enable-targets=all --enable-libgomp --disable-libssp --disable-libada --disable-cet --disable-systemtap --disable-valgrind-annotations --disable-vtable-verify --disable-libvtv --without-zstd --enable-lto --without-isl --enable-default-pie --enable-default-ssp --with-build-config=bootstrap-lto]
  ignore line: [Thread model: posix]
  ignore line: [Supported LTO compression algorithms: zlib]
  ignore line: [gcc version 11.3.0 (Gentoo Hardened 11.3.0 p7) ]
  ignore line: [COLLECT_GCC_OPTIONS='-fdiagnostics-color=always' '-v' '-o' 'CMakeFiles/cmTC_12acc.dir/CMakeCXXCompilerABI.cpp.o' '-c' '-shared-libgcc' '-mtune=generic' '-march=x86-64' '-dumpdir' 'CMakeFiles/cmTC_12acc.dir/']
  ignore line: [ /usr/libexec/gcc/x86_64-pc-linux-gnu/11.3.0/cc1plus -quiet -v -D_GNU_SOURCE /home/rob/.local/share/JetBrains/Toolbox/apps/CLion/ch-0/223.7571.171/bin/cmake/linux/share/cmake-3.24/Modules/CMakeCXXCompilerABI.cpp -quiet -dumpdir CMakeFiles/cmTC_12acc.dir/ -dumpbase CMakeCXXCompilerABI.cpp.cpp -dumpbase-ext .cpp -mtune=generic -march=x86-64 -version -fdiagnostics-color=always -o /tmp/ccxbbbza.s]
  ignore line: [GNU C++17 (Gentoo Hardened 11.3.0 p7) version 11.3.0 (x86_64-pc-linux-gnu)]
  ignore line: [	compiled by GNU C version 11.3.0  GMP version 6.2.1  MPFR version 4.1.0-p13  MPC version 1.2.1  isl version none]
  ignore line: [GGC heuristics: --param ggc-min-expand=100 --param ggc-min-heapsize=131072]
  ignore line: [ignoring nonexistent directory "/usr/local/include"]
  ignore line: [ignoring nonexistent directory "/usr/lib/gcc/x86_64-pc-linux-gnu/11.3.0/../../../../x86_64-pc-linux-gnu/include"]
  ignore line: [#include "..." search starts here:]
  ignore line: [#include <...> search starts here:]
  ignore line: [ /usr/lib/gcc/x86_64-pc-linux-gnu/11.3.0/include/g++-v11]
  ignore line: [ /usr/lib/gcc/x86_64-pc-linux-gnu/11.3.0/include/g++-v11/x86_64-pc-linux-gnu]
  ignore line: [ /usr/lib/gcc/x86_64-pc-linux-gnu/11.3.0/include/g++-v11/backward]
  ignore line: [ /usr/lib/gcc/x86_64-pc-linux-gnu/11.3.0/include]
  ignore line: [ /usr/lib/gcc/x86_64-pc-linux-gnu/11.3.0/include-fixed]
  ignore line: [ /usr/include]
  ignore line: [End of search list.]
  ignore line: [GNU C++17 (Gentoo Hardened 11.3.0 p7) version 11.3.0 (x86_64-pc-linux-gnu)]
  ignore line: [	compiled by GNU C version 11.3.0  GMP version 6.2.1  MPFR version 4.1.0-p13  MPC version 1.2.1  isl version none]
  ignore line: [GGC heuristics: --param ggc-min-expand=100 --param ggc-min-heapsize=131072]
  ignore line: [Compiler executable checksum: 2fbb18dc03e36114da64245123fc8421]
  ignore line: [COLLECT_GCC_OPTIONS='-fdiagnostics-color=always' '-v' '-o' 'CMakeFiles/cmTC_12acc.dir/CMakeCXXCompilerABI.cpp.o' '-c' '-shared-libgcc' '-mtune=generic' '-march=x86-64' '-dumpdir' 'CMakeFiles/cmTC_12acc.dir/']
  ignore line: [ /usr/lib/gcc/x86_64-pc-linux-gnu/11.3.0/../../../../x86_64-pc-linux-gnu/bin/as -v --64 -o CMakeFiles/cmTC_12acc.dir/CMakeCXXCompilerABI.cpp.o /tmp/ccxbbbza.s]
  ignore line: [GNU assembler version 2.38 (x86_64-pc-linux-gnu) using BFD version (Gentoo 2.38 p4) 2.38]
  ignore line: [COMPILER_PATH=/usr/libexec/gcc/x86_64-pc-linux-gnu/11.3.0/:/usr/libexec/gcc/x86_64-pc-linux-gnu/11.3.0/:/usr/libexec/gcc/x86_64-pc-linux-gnu/:/usr/lib/gcc/x86_64-pc-linux-gnu/11.3.0/:/usr/lib/gcc/x86_64-pc-linux-gnu/:/usr/lib/gcc/x86_64-pc-linux-gnu/11.3.0/../../../../x86_64-pc-linux-gnu/bin/]
  ignore line: [LIBRARY_PATH=/usr/lib/gcc/x86_64-pc-linux-gnu/11.3.0/:/usr/lib/gcc/x86_64-pc-linux-gnu/11.3.0/../../../../lib64/:/lib/../lib64/:/usr/lib/../lib64/:/usr/lib/gcc/x86_64-pc-linux-gnu/11.3.0/../../../../x86_64-pc-linux-gnu/lib/:/usr/lib/gcc/x86_64-pc-linux-gnu/11.3.0/../../../:/lib/:/usr/lib/]
  ignore line: [COLLECT_GCC_OPTIONS='-fdiagnostics-color=always' '-v' '-o' 'CMakeFiles/cmTC_12acc.dir/CMakeCXXCompilerABI.cpp.o' '-c' '-shared-libgcc' '-mtune=generic' '-march=x86-64' '-dumpdir' 'CMakeFiles/cmTC_12acc.dir/CMakeCXXCompilerABI.cpp.']
  ignore line: [Linking CXX executable cmTC_12acc]
  ignore line: [/home/rob/.local/share/JetBrains/Toolbox/apps/CLion/ch-0/223.7571.171/bin/cmake/linux/bin/cmake -E cmake_link_script CMakeFiles/cmTC_12acc.dir/link.txt --verbose=1]
  ignore line: [/usr/bin/c++  -v CMakeFiles/cmTC_12acc.dir/CMakeCXXCompilerABI.cpp.o -o cmTC_12acc ]
  ignore line: [Using built-in specs.]
  ignore line: [COLLECT_GCC=/usr/bin/c++]
  ignore line: [COLLECT_LTO_WRAPPER=/usr/libexec/gcc/x86_64-pc-linux-gnu/11.3.0/lto-wrapper]
  ignore line: [Target: x86_64-pc-linux-gnu]
  ignore line: [Configured with: /var/tmp/portage/sys-devel/gcc-11.3.0/work/gcc-11.3.0/configure --host=x86_64-pc-linux-gnu --build=x86_64-pc-linux-gnu --prefix=/usr --bindir=/usr/x86_64-pc-linux-gnu/gcc-bin/11.3.0 --includedir=/usr/lib/gcc/x86_64-pc-linux-gnu/11.3.0/include --datadir=/usr/share/gcc-data/x86_64-pc-linux-gnu/11.3.0 --mandir=/usr/share/gcc-data/x86_64-pc-linux-gnu/11.3.0/man --infodir=/usr/share/gcc-data/x86_64-pc-linux-gnu/11.3.0/info --with-gxx-include-dir=/usr/lib/gcc/x86_64-pc-linux-gnu/11.3.0/include/g++-v11 --with-python-dir=/share/gcc-data/x86_64-pc-linux-gnu/11.3.0/python --enable-languages=c c++ fortran --enable-obsolete --enable-secureplt --disable-werror --with-system-zlib --enable-nls --without-included-gettext --disable-libunwind-exceptions --enable-checking=release --with-bugurl=https://bugs.gentoo.org/ --with-pkgversion='Gentoo Hardened 11.3.0 p7' --enable-esp --enable-libstdcxx-time --disable-libstdcxx-pch --enable-shared --enable-threads=posix --enable-__cxa_atexit --enable-clocale=gnu --enable-multilib --with-multilib-list=m32 m64 --disable-fixed-point --enable-targets=all --enable-libgomp --disable-libssp --disable-libada --disable-cet --disable-systemtap --disable-valgrind-annotations --disable-vtable-verify --disable-libvtv --without-zstd --enable-lto --without-isl --enable-default-pie --enable-default-ssp --with-build-config=bootstrap-lto]
  ignore line: [Thread model: posix]
  ignore line: [Supported LTO compression algorithms: zlib]
  ignore line: [gcc version 11.3.0 (Gentoo Hardened 11.3.0 p7) ]
  ignore line: [COMPILER_PATH=/usr/libexec/gcc/x86_64-pc-linux-gnu/11.3.0/:/usr/libexec/gcc/x86_64-pc-linux-gnu/11.3.0/:/usr/libexec/gcc/x86_64-pc-linux-gnu/:/usr/lib/gcc/x86_64-pc-linux-gnu/11.3.0/:/usr/lib/gcc/x86_64-pc-linux-gnu/:/usr/lib/gcc/x86_64-pc-linux-gnu/11.3.0/../../../../x86_64-pc-linux-gnu/bin/]
  ignore line: [LIBRARY_PATH=/usr/lib/gcc/x86_64-pc-linux-gnu/11.3.0/:/usr/lib/gcc/x86_64-pc-linux-gnu/11.3.0/../../../../lib64/:/lib/../lib64/:/usr/lib/../lib64/:/usr/lib/gcc/x86_64-pc-linux-gnu/11.3.0/../../../../x86_64-pc-linux-gnu/lib/:/usr/lib/gcc/x86_64-pc-linux-gnu/11.3.0/../../../:/lib/:/usr/lib/]
  ignore line: [COLLECT_GCC_OPTIONS='-v' '-o' 'cmTC_12acc' '-shared-libgcc' '-mtune=generic' '-march=x86-64' '-dumpdir' 'cmTC_12acc.']
  link line: [ /usr/libexec/gcc/x86_64-pc-linux-gnu/11.3.0/collect2 -plugin /usr/libexec/gcc/x86_64-pc-linux-gnu/11.3.0/liblto_plugin.so -plugin-opt=/usr/libexec/gcc/x86_64-pc-linux-gnu/11.3.0/lto-wrapper -plugin-opt=-fresolution=/tmp/ccYkG693.res -plugin-opt=-pass-through=-lgcc_s -plugin-opt=-pass-through=-lgcc -plugin-opt=-pass-through=-lc -plugin-opt=-pass-through=-lgcc_s -plugin-opt=-pass-through=-lgcc --eh-frame-hdr -m elf_x86_64 -dynamic-linker /lib64/ld-linux-x86-64.so.2 -pie -z now -o cmTC_12acc /usr/lib/gcc/x86_64-pc-linux-gnu/11.3.0/../../../../lib64/Scrt1.o /usr/lib/gcc/x86_64-pc-linux-gnu/11.3.0/../../../../lib64/crti.o /usr/lib/gcc/x86_64-pc-linux-gnu/11.3.0/crtbeginS.o -L/usr/lib/gcc/x86_64-pc-linux-gnu/11.3.0 -L/usr/lib/gcc/x86_64-pc-linux-gnu/11.3.0/../../../../lib64 -L/lib/../lib64 -L/usr/lib/../lib64 -L/usr/lib/gcc/x86_64-pc-linux-gnu/11.3.0/../../../../x86_64-pc-linux-gnu/lib -L/usr/lib/gcc/x86_64-pc-linux-gnu/11.3.0/../../.. CMakeFiles/cmTC_12acc.dir/CMakeCXXCompilerABI.cpp.o -lstdc++ -lm -lgcc_s -lgcc -lc -lgcc_s -lgcc /usr/lib/gcc/x86_64-pc-linux-gnu/11.3.0/crtendS.o /usr/lib/gcc/x86_64-pc-linux-gnu/11.3.0/../../../../lib64/crtn.o]
    arg [/usr/libexec/gcc/x86_64-pc-linux-gnu/11.3.0/collect2] ==> ignore
    arg [-plugin] ==> ignore
    arg [/usr/libexec/gcc/x86_64-pc-linux-gnu/11.3.0/liblto_plugin.so] ==> ignore
    arg [-plugin-opt=/usr/libexec/gcc/x86_64-pc-linux-gnu/11.3.0/lto-wrapper] ==> ignore
    arg [-plugin-opt=-fresolution=/tmp/ccYkG693.res] ==> ignore
    arg [-plugin-opt=-pass-through=-lgcc_s] ==> ignore
    arg [-plugin-opt=-pass-through=-lgcc] ==> ignore
    arg [-plugin-opt=-pass-through=-lc] ==> ignore
    arg [-plugin-opt=-pass-through=-lgcc_s] ==> ignore
    arg [-plugin-opt=-pass-through=-lgcc] ==> ignore
    arg [--eh-frame-hdr] ==> ignore
    arg [-m] ==> ignore
    arg [elf_x86_64] ==> ignore
    arg [-dynamic-linker] ==> ignore
    arg [/lib64/ld-linux-x86-64.so.2] ==> ignore
    arg [-pie] ==> ignore
    arg [-znow] ==> ignore
    arg [-o] ==> ignore
    arg [cmTC_12acc] ==> ignore
    arg [/usr/lib/gcc/x86_64-pc-linux-gnu/11.3.0/../../../../lib64/Scrt1.o] ==> obj [/usr/lib/gcc/x86_64-pc-linux-gnu/11.3.0/../../../../lib64/Scrt1.o]
    arg [/usr/lib/gcc/x86_64-pc-linux-gnu/11.3.0/../../../../lib64/crti.o] ==> obj [/usr/lib/gcc/x86_64-pc-linux-gnu/11.3.0/../../../../lib64/crti.o]
    arg [/usr/lib/gcc/x86_64-pc-linux-gnu/11.3.0/crtbeginS.o] ==> obj [/usr/lib/gcc/x86_64-pc-linux-gnu/11.3.0/crtbeginS.o]
    arg [-L/usr/lib/gcc/x86_64-pc-linux-gnu/11.3.0] ==> dir [/usr/lib/gcc/x86_64-pc-linux-gnu/11.3.0]
    arg [-L/usr/lib/gcc/x86_64-pc-linux-gnu/11.3.0/../../../../lib64] ==> dir [/usr/lib/gcc/x86_64-pc-linux-gnu/11.3.0/../../../../lib64]
    arg [-L/lib/../lib64] ==> dir [/lib/../lib64]
    arg [-L/usr/lib/../lib64] ==> dir [/usr/lib/../lib64]
    arg [-L/usr/lib/gcc/x86_64-pc-linux-gnu/11.3.0/../../../../x86_64-pc-linux-gnu/lib] ==> dir [/usr/lib/gcc/x86_64-pc-linux-gnu/11.3.0/../../../../x86_64-pc-linux-gnu/lib]
    arg [-L/usr/lib/gcc/x86_64-pc-linux-gnu/11.3.0/../../..] ==> dir [/usr/lib/gcc/x86_64-pc-linux-gnu/11.3.0/../../..]
    arg [CMakeFiles/cmTC_12acc.dir/CMakeCXXCompilerABI.cpp.o] ==> ignore
    arg [-lstdc++] ==> lib [stdc++]
    arg [-lm] ==> lib [m]
    arg [-lgcc_s] ==> lib [gcc_s]
    arg [-lgcc] ==> lib [gcc]
    arg [-lc] ==> lib [c]
    arg [-lgcc_s] ==> lib [gcc_s]
    arg [-lgcc] ==> lib [gcc]
    arg [/usr/lib/gcc/x86_64-pc-linux-gnu/11.3.0/crtendS.o] ==> obj [/usr/lib/gcc/x86_64-pc-linux-gnu/11.3.0/crtendS.o]
    arg [/usr/lib/gcc/x86_64-pc-linux-gnu/11.3.0/../../../../lib64/crtn.o] ==> obj [/usr/lib/gcc/x86_64-pc-linux-gnu/11.3.0/../../../../lib64/crtn.o]
  collapse obj [/usr/lib/gcc/x86_64-pc-linux-gnu/11.3.0/../../../../lib64/Scrt1.o] ==> [/usr/lib64/Scrt1.o]
  collapse obj [/usr/lib/gcc/x86_64-pc-linux-gnu/11.3.0/../../../../lib64/crti.o] ==> [/usr/lib64/crti.o]
  collapse obj [/usr/lib/gcc/x86_64-pc-linux-gnu/11.3.0/../../../../lib64/crtn.o] ==> [/usr/lib64/crtn.o]
  collapse library dir [/usr/lib/gcc/x86_64-pc-linux-gnu/11.3.0] ==> [/usr/lib/gcc/x86_64-pc-linux-gnu/11.3.0]
  collapse library dir [/usr/lib/gcc/x86_64-pc-linux-gnu/11.3.0/../../../../lib64] ==> [/usr/lib64]
  collapse library dir [/lib/../lib64] ==> [/lib64]
  collapse library dir [/usr/lib/../lib64] ==> [/usr/lib64]
  collapse library dir [/usr/lib/gcc/x86_64-pc-linux-gnu/11.3.0/../../../../x86_64-pc-linux-gnu/lib] ==> [/usr/x86_64-pc-linux-gnu/lib]
  collapse library dir [/usr/lib/gcc/x86_64-pc-linux-gnu/11.3.0/../../..] ==> [/usr/lib]
  implicit libs: [stdc++;m;gcc_s;gcc;c;gcc_s;gcc]
  implicit objs: [/usr/lib64/Scrt1.o;/usr/lib64/crti.o;/usr/lib/gcc/x86_64-pc-linux-gnu/11.3.0/crtbeginS.o;/usr/lib/gcc/x86_64-pc-linux-gnu/11.3.0/crtendS.o;/usr/lib64/crtn.o]
  implicit dirs: [/usr/lib/gcc/x86_64-pc-linux-gnu/11.3.0;/usr/lib64;/lib64;/usr/x86_64-pc-linux-gnu/lib;/usr/lib]
  implicit fwks: []


